2023-07-28 11:12:36.124 [info] Log level: Info
2023-07-28 11:12:36.124 [info] Validating found git in: "git"
2023-07-28 11:12:36.124 [info] Using git "2.17.1" from "git"
2023-07-28 11:12:36.124 [info] > git rev-parse --show-toplevel [110ms]
2023-07-28 11:12:36.124 [info] > git rev-parse --git-dir --git-common-dir [5ms]
2023-07-28 11:12:36.124 [info] Open repository: /home/nvidia/jetson-inference
2023-07-28 11:12:36.124 [info] > git rev-parse --show-toplevel [18ms]
2023-07-28 11:12:36.124 [info] > git config --get commit.template [21ms]
2023-07-28 11:12:36.124 [info] > git rev-parse --show-toplevel [11ms]
2023-07-28 11:12:36.124 [info] > git for-each-ref --format=%(refname)%00%(upstream:short)%00%(objectname)%00%(upstream:track)%00%(upstream:remotename)%00%(upstream:remoteref) refs/heads/master refs/remotes/master [12ms]
2023-07-28 11:12:36.124 [info] > git rev-parse --show-toplevel [40ms]
2023-07-28 11:12:36.125 [info] > git rev-parse --show-toplevel [103ms]
2023-07-28 11:12:36.125 [info] > git rev-parse --show-toplevel [4ms]
2023-07-28 11:12:36.136 [info] > git rev-parse --show-toplevel [12ms]
2023-07-28 11:12:36.164 [info] > git rev-parse --show-toplevel [15ms]
2023-07-28 11:12:36.182 [info] > git rev-parse --show-toplevel [7ms]
2023-07-28 11:12:36.197 [info] > git rev-parse --git-dir --git-common-dir [2ms]
2023-07-28 11:12:36.211 [info] Open repository: /home/nvidia/jetson-inference/ros
2023-07-28 11:12:36.240 [info] > git rev-parse --show-toplevel [16ms]
2023-07-28 11:12:36.256 [info] > git config --get commit.template [17ms]
2023-07-28 11:12:36.269 [info] > git rev-parse --show-toplevel [18ms]
2023-07-28 11:12:36.281 [info] > git for-each-ref --format %(refname) %(objectname) %(*objectname) refs/tags [14ms]
2023-07-28 11:12:36.295 [info] > git rev-parse --git-dir --git-common-dir [14ms]
2023-07-28 11:12:36.309 [info] Open repository: /home/nvidia/jetson-inference/utils
2023-07-28 11:12:36.333 [info] > git status -z -uall [40ms]
2023-07-28 11:12:36.369 [info] > git config --get commit.template [36ms]
2023-07-28 11:12:36.370 [info] > git config --get commit.template [3ms]
2023-07-28 11:12:36.394 [info] > git for-each-ref --format %(refname) %(objectname) %(*objectname) refs/tags [13ms]
2023-07-28 11:12:36.408 [info] > git for-each-ref --format %(refname) %(objectname) %(*objectname) refs/tags [16ms]
2023-07-28 11:12:36.426 [info] > git status -z -uall [6ms]
2023-07-28 11:12:36.451 [info] > git status -z -uall [46ms]
2023-07-28 11:12:36.490 [info] > git config --get commit.template [13ms]
2023-07-28 11:12:36.491 [info] > git for-each-ref --format %(refname) %(objectname) %(*objectname) refs/tags [3ms]
2023-07-28 11:12:36.547 [info] > git status -z -uall [44ms]
2023-07-28 11:12:36.654 [info] > git check-ignore -v -z --stdin [6ms]
2023-07-28 11:12:36.817 [info] > git status -z -uall [839ms]
2023-07-28 11:12:36.855 [info] > git config --get commit.template [11ms]
2023-07-28 11:12:36.871 [info] > git for-each-ref --format=%(refname)%00%(upstream:short)%00%(objectname)%00%(upstream:track)%00%(upstream:remotename)%00%(upstream:remoteref) refs/heads/master refs/remotes/master [3ms]
2023-07-28 11:12:37.340 [info] > git rev-parse --show-toplevel [2ms]
2023-07-28 11:12:37.355 [info] > git rev-parse --git-dir --git-common-dir [3ms]
2023-07-28 11:12:37.368 [info] Open repository: /home/nvidia/jetson-inference/tools/camera-capture
2023-07-28 11:12:37.394 [info] > git rev-parse --show-toplevel [14ms]
2023-07-28 11:12:37.407 [info] > git config --get commit.template [15ms]
2023-07-28 11:12:37.420 [info] > git rev-parse --git-dir --git-common-dir [15ms]
2023-07-28 11:12:37.431 [info] Open repository: /home/nvidia/jetson-inference/python/training/classification
2023-07-28 11:12:37.457 [info] > git for-each-ref --format %(refname) %(objectname) %(*objectname) refs/tags [38ms]
2023-07-28 11:12:37.473 [info] > git config --get commit.template [18ms]
2023-07-28 11:12:37.474 [info] > git rev-parse --show-toplevel [31ms]
2023-07-28 11:12:37.486 [info] > git status -z -uall [17ms]
2023-07-28 11:12:37.523 [info] > git rev-parse --git-dir --git-common-dir [39ms]
2023-07-28 11:12:37.535 [info] Open repository: /home/nvidia/jetson-inference/python/training/detection
2023-07-28 11:12:37.600 [info] > git check-ignore -v -z --stdin [41ms]
2023-07-28 11:12:37.602 [info] > git check-ignore -v -z --stdin [31ms]
2023-07-28 11:12:37.603 [info] > git check-ignore -v -z --stdin [20ms]
2023-07-28 11:12:37.605 [info] > git rev-parse --show-toplevel [57ms]
2023-07-28 11:12:37.617 [info] > git config --get commit.template [95ms]
2023-07-28 11:12:37.618 [info] > git for-each-ref --format %(refname) %(objectname) %(*objectname) refs/tags [107ms]
2023-07-28 11:12:37.635 [info] > git status -z -uall [5ms]
2023-07-28 11:12:37.635 [info] > git rev-parse --git-dir --git-common-dir [19ms]
2023-07-28 11:12:37.647 [info] Open repository: /home/nvidia/jetson-inference/python/training/segmentation
2023-07-28 11:12:37.663 [info] > git config --get commit.template [66ms]
2023-07-28 11:12:37.689 [info] > git rev-parse --show-toplevel [27ms]
2023-07-28 11:12:37.738 [info] > git status -z -uall [856ms]
2023-07-28 11:12:37.739 [info] > git rev-parse --git-dir --git-common-dir [38ms]
2023-07-28 11:12:37.750 [info] Open repository: /home/nvidia/jetson-inference/c/plugins/pose
2023-07-28 11:12:37.763 [info] > git config --get commit.template [76ms]
2023-07-28 11:12:37.764 [info] > git for-each-ref --format %(refname) %(objectname) %(*objectname) refs/tags [89ms]
2023-07-28 11:12:37.790 [info] > git status -z -uall [16ms]
2023-07-28 11:12:37.791 [info] > git rev-parse --show-toplevel [29ms]
2023-07-28 11:12:37.803 [info] > git config --get commit.template [67ms]
2023-07-28 11:12:37.804 [info] > git for-each-ref --format %(refname) %(objectname) %(*objectname) refs/tags [79ms]
2023-07-28 11:12:37.838 [info] > git status -z -uall [22ms]
2023-07-28 11:12:37.838 [info] > git rev-parse --git-dir --git-common-dir [36ms]
2023-07-28 11:12:37.855 [info] Open repository: /home/nvidia/jetson-inference/docker/containers
2023-07-28 11:12:37.857 [info] > git config --get commit.template [68ms]
2023-07-28 11:12:37.885 [info] > git for-each-ref --format %(refname) %(objectname) %(*objectname) refs/tags [50ms]
2023-07-28 11:12:37.934 [info] > git status -z -uall [38ms]
2023-07-28 11:12:37.947 [info] > git config --get commit.template [64ms]
2023-07-28 11:12:37.947 [info] > git for-each-ref --format %(refname) %(objectname) %(*objectname) refs/tags [75ms]
2023-07-28 11:12:37.974 [info] > git status -z -uall [16ms]
2023-07-28 11:12:37.974 [info] > git config --get commit.template [42ms]
2023-07-28 11:12:37.975 [info] > git for-each-ref --format %(refname) %(objectname) %(*objectname) refs/tags [53ms]
2023-07-28 11:12:38.001 [info] > git status -z -uall [15ms]
2023-07-28 11:12:38.001 [info] > git config --get commit.template [29ms]
2023-07-28 11:12:38.019 [info] > git for-each-ref --format %(refname) %(objectname) %(*objectname) refs/tags [21ms]
2023-07-28 11:12:38.068 [info] > git status -z -uall [37ms]
2023-07-28 11:12:38.081 [info] > git for-each-ref --format %(refname) %(objectname) %(*objectname) refs/tags [63ms]
2023-07-28 11:12:38.106 [info] > git config --get commit.template [39ms]
2023-07-28 11:12:38.106 [info] > git for-each-ref --format %(refname) %(objectname) %(*objectname) refs/tags [51ms]
2023-07-28 11:12:38.121 [info] > git status -z -uall [29ms]
2023-07-28 11:12:38.121 [info] > git config --get commit.template [17ms]
2023-07-28 11:12:38.138 [info] > git status -z -uall [20ms]
2023-07-28 11:12:38.157 [info] > git for-each-ref --format %(refname) %(objectname) %(*objectname) refs/tags [19ms]
2023-07-28 11:12:38.171 [info] > git for-each-ref --format %(refname) %(objectname) %(*objectname) refs/tags [17ms]
2023-07-28 11:12:38.184 [info] > git status -z -uall [16ms]
2023-07-28 11:12:38.202 [info] > git status -z -uall [20ms]
2023-07-28 11:12:38.639 [info] > git rev-parse --show-toplevel [2ms]
2023-07-28 11:12:38.654 [info] > git rev-parse --git-dir --git-common-dir [2ms]
2023-07-28 11:12:38.666 [info] Open repository: /home/nvidia/jetson-inference/python/training/detection/ssd
2023-07-28 11:12:38.694 [info] > git config --get commit.template [15ms]
2023-07-28 11:12:38.695 [info] > git for-each-ref --format %(refname) %(objectname) %(*objectname) refs/tags [3ms]
2023-07-28 11:12:38.747 [info] > git status -z -uall [40ms]
2023-07-28 11:12:38.772 [info] > git check-ignore -v -z --stdin [52ms]
2023-07-28 11:12:38.775 [info] > git check-ignore -v -z --stdin [42ms]
2023-07-28 11:12:38.776 [info] > git check-ignore -v -z --stdin [31ms]
2023-07-28 11:12:38.778 [info] > git config --get commit.template [7ms]
2023-07-28 11:12:38.793 [info] > git for-each-ref --format %(refname) %(objectname) %(*objectname) refs/tags [3ms]
2023-07-28 11:12:38.814 [info] > git status -z -uall [9ms]
2023-07-28 11:12:39.656 [info] > git check-ignore -v -z --stdin [31ms]
2023-07-28 11:12:39.659 [info] > git check-ignore -v -z --stdin [19ms]
2023-07-28 11:12:39.660 [info] > git check-ignore -v -z --stdin [9ms]
2023-07-28 11:30:57.793 [info] > git config --get commit.template [27ms]
2023-07-28 11:30:57.820 [info] > git for-each-ref --format=%(refname)%00%(upstream:short)%00%(objectname)%00%(upstream:track)%00%(upstream:remotename)%00%(upstream:remoteref) refs/heads/master refs/remotes/master [29ms]
2023-07-28 11:31:00.198 [info] > git status -z -uall [2366ms]
2023-07-28 11:54:56.713 [info] > git config --get commit.template [52ms]
2023-07-28 11:54:56.715 [info] > git config --get commit.template [74ms]
2023-07-28 11:54:56.755 [info] > git for-each-ref --format %(refname) %(objectname) %(*objectname) refs/tags [29ms]
2023-07-28 11:54:56.768 [info] > git for-each-ref --format=%(refname)%00%(upstream:short)%00%(objectname)%00%(upstream:track)%00%(upstream:remotename)%00%(upstream:remoteref) refs/heads/master refs/remotes/master [67ms]
2023-07-28 11:54:56.783 [info] > git status -z -uall [16ms]
2023-07-28 11:54:59.256 [info] > git status -z -uall [2475ms]
