2023-08-01 16:53:14.270 [info] Log level: Info
2023-08-01 16:53:14.270 [info] Validating found git in: "git"
2023-08-01 16:53:14.270 [info] Using git "2.17.1" from "git"
2023-08-01 16:53:14.270 [info] > git rev-parse --show-toplevel [115ms]
2023-08-01 16:53:14.271 [info] fatal: not a git repository (or any of the parent directories): .git
2023-08-01 16:53:14.271 [info] > git rev-parse --show-toplevel [7ms]
2023-08-01 16:53:14.271 [info] > git rev-parse --git-dir --git-common-dir [26ms]
2023-08-01 16:53:14.271 [info] Open repository: /home/nvidia/jetson-inference/python/training/classification
2023-08-01 16:53:14.271 [info] > git rev-parse --show-toplevel [18ms]
2023-08-01 16:53:14.271 [info] fatal: not a git repository (or any of the parent directories): .git
2023-08-01 16:53:14.271 [info] > git config --get commit.template [21ms]
2023-08-01 16:53:14.271 [info] > git rev-parse --show-toplevel [10ms]
2023-08-01 16:53:14.271 [info] fatal: not a git repository (or any of the parent directories): .git
2023-08-01 16:53:14.271 [info] > git for-each-ref --format %(refname) %(objectname) %(*objectname) refs/tags [9ms]
2023-08-01 16:53:14.271 [info] > git rev-parse --show-toplevel [36ms]
2023-08-01 16:53:14.271 [info] fatal: not a git repository (or any of the parent directories): .git
2023-08-01 16:53:14.271 [info] > git rev-parse --show-toplevel [5ms]
2023-08-01 16:53:14.271 [info] fatal: not a git repository (or any of the parent directories): .git
2023-08-01 16:53:14.271 [info] > git status -z -uall [44ms]
2023-08-01 16:53:14.271 [info] > git rev-parse --show-toplevel [62ms]
2023-08-01 16:53:14.271 [info] fatal: not a git repository (or any of the parent directories): .git
2023-08-01 16:53:14.368 [info] > git config --get commit.template [111ms]
2023-08-01 16:53:14.377 [info] > git rev-parse --show-toplevel [108ms]
2023-08-01 16:53:14.404 [info] > git rev-parse --git-dir --git-common-dir [16ms]
2023-08-01 16:53:14.420 [info] Open repository: /home/nvidia/jetson-inference
2023-08-01 16:53:14.466 [info] > git for-each-ref --format %(refname) %(objectname) %(*objectname) refs/tags [67ms]
2023-08-01 16:53:14.480 [info] > git config --get commit.template [15ms]
2023-08-01 16:53:14.481 [info] > git rev-parse --show-toplevel [49ms]
2023-08-01 16:53:14.481 [info] fatal: not a git repository (or any of the parent directories): .git
2023-08-01 16:53:14.521 [info] > git status -z -uall [46ms]
2023-08-01 16:53:14.542 [info] > git for-each-ref --format=%(refname)%00%(upstream:short)%00%(objectname)%00%(upstream:track)%00%(upstream:remotename)%00%(upstream:remoteref) refs/heads/master refs/remotes/master [37ms]
2023-08-01 16:53:15.008 [info] > git show --textconv :train.py [14ms]
2023-08-01 16:53:15.011 [info] > git ls-files --stage -- /home/nvidia/jetson-inference/python/training/classification/train.py [6ms]
2023-08-01 16:53:15.032 [info] > git cat-file -s d9f81a57b9f6e3eb67ecd4a3f4298a0163766774 [3ms]
2023-08-01 16:53:15.128 [info] > git check-ignore -v -z --stdin [19ms]
2023-08-01 16:53:15.132 [info] > git check-ignore -v -z --stdin [9ms]
2023-08-01 16:53:17.091 [info] > git status -z -uall [2538ms]
2023-08-01 16:53:17.130 [info] > git config --get commit.template [14ms]
2023-08-01 16:53:17.132 [info] > git for-each-ref --format=%(refname)%00%(upstream:short)%00%(objectname)%00%(upstream:track)%00%(upstream:remotename)%00%(upstream:remoteref) refs/heads/master refs/remotes/master [4ms]
2023-08-01 16:53:17.615 [info] > git rev-parse --show-toplevel [3ms]
2023-08-01 16:53:17.627 [info] > git rev-parse --git-dir --git-common-dir [2ms]
2023-08-01 16:53:17.639 [info] Open repository: /home/nvidia/jetson-inference/utils
2023-08-01 16:53:17.665 [info] > git rev-parse --show-toplevel [15ms]
2023-08-01 16:53:17.683 [info] > git config --get commit.template [21ms]
2023-08-01 16:53:17.695 [info] > git rev-parse --git-dir --git-common-dir [14ms]
2023-08-01 16:53:17.708 [info] Open repository: /home/nvidia/jetson-inference/tools/camera-capture
2023-08-01 16:53:17.731 [info] > git for-each-ref --format %(refname) %(objectname) %(*objectname) refs/tags [39ms]
2023-08-01 16:53:17.751 [info] > git config --get commit.template [21ms]
2023-08-01 16:53:17.751 [info] > git rev-parse --show-toplevel [32ms]
2023-08-01 16:53:17.777 [info] > git rev-parse --git-dir --git-common-dir [16ms]
2023-08-01 16:53:17.790 [info] Open repository: /home/nvidia/jetson-inference/python/training/detection
2023-08-01 16:53:17.834 [info] > git status -z -uall [89ms]
2023-08-01 16:53:17.835 [info] > git rev-parse --show-toplevel [23ms]
2023-08-01 16:53:17.887 [info] > git for-each-ref --format %(refname) %(objectname) %(*objectname) refs/tags [112ms]
2023-08-01 16:53:17.912 [info] > git status -z -uall [14ms]
2023-08-01 16:53:17.912 [info] > git rev-parse --git-dir --git-common-dir [65ms]
2023-08-01 16:53:17.927 [info] Open repository: /home/nvidia/jetson-inference/python/training/segmentation
2023-08-01 16:53:17.939 [info] > git config --get commit.template [107ms]
2023-08-01 16:53:17.953 [info] > git rev-parse --show-toplevel [15ms]
2023-08-01 16:53:17.964 [info] > git config --get commit.template [53ms]
2023-08-01 16:53:18.001 [info] > git status -z -uall [859ms]
2023-08-01 16:53:18.002 [info] > git rev-parse --git-dir --git-common-dir [39ms]
2023-08-01 16:53:18.014 [info] Open repository: /home/nvidia/jetson-inference/c/plugins/pose
2023-08-01 16:53:18.026 [info] > git config --get commit.template [75ms]
2023-08-01 16:53:18.058 [info] > git rev-parse --show-toplevel [33ms]
2023-08-01 16:53:18.069 [info] > git config --get commit.template [68ms]
2023-08-01 16:53:18.069 [info] > git for-each-ref --format %(refname) %(objectname) %(*objectname) refs/tags [81ms]
2023-08-01 16:53:18.101 [info] > git status -z -uall [22ms]
2023-08-01 16:53:18.102 [info] > git rev-parse --git-dir --git-common-dir [33ms]
2023-08-01 16:53:18.117 [info] Open repository: /home/nvidia/jetson-inference/docker/containers
2023-08-01 16:53:18.128 [info] > git config --get commit.template [81ms]
2023-08-01 16:53:18.129 [info] > git for-each-ref --format %(refname) %(objectname) %(*objectname) refs/tags [91ms]
2023-08-01 16:53:18.163 [info] > git rev-parse --show-toplevel [36ms]
2023-08-01 16:53:18.175 [info] > git for-each-ref --format %(refname) %(objectname) %(*objectname) refs/tags [77ms]
2023-08-01 16:53:18.223 [info] > git status -z -uall [85ms]
2023-08-01 16:53:18.224 [info] > git status -z -uall [39ms]
2023-08-01 16:53:18.235 [info] > git rev-parse --git-dir --git-common-dir [61ms]
2023-08-01 16:53:18.251 [info] Open repository: /home/nvidia/jetson-inference/ros
2023-08-01 16:53:18.253 [info] > git config --get commit.template [93ms]
2023-08-01 16:53:18.253 [info] > git for-each-ref --format %(refname) %(objectname) %(*objectname) refs/tags [103ms]
2023-08-01 16:53:18.292 [info] > git status -z -uall [29ms]
2023-08-01 16:53:18.297 [info] > git config --get commit.template [76ms]
2023-08-01 16:53:18.298 [info] > git for-each-ref --format %(refname) %(objectname) %(*objectname) refs/tags [89ms]
2023-08-01 16:53:18.322 [info] > git config --get commit.template [32ms]
2023-08-01 16:53:18.323 [info] > git config --get commit.template [43ms]
2023-08-01 16:53:18.369 [info] > git status -z -uall [61ms]
2023-08-01 16:53:18.370 [info] > git check-ignore -v -z --stdin [37ms]
2023-08-01 16:53:18.372 [info] > git check-ignore -v -z --stdin [26ms]
2023-08-01 16:53:18.373 [info] > git check-ignore -v -z --stdin [16ms]
2023-08-01 16:53:18.374 [info] > git for-each-ref --format %(refname) %(objectname) %(*objectname) refs/tags [53ms]
2023-08-01 16:53:18.432 [info] > git status -z -uall [48ms]
2023-08-01 16:53:18.443 [info] > git for-each-ref --format %(refname) %(objectname) %(*objectname) refs/tags [77ms]
2023-08-01 16:53:18.469 [info] > git config --get commit.template [38ms]
2023-08-01 16:53:18.469 [info] > git for-each-ref --format %(refname) %(objectname) %(*objectname) refs/tags [50ms]
2023-08-01 16:53:18.480 [info] > git for-each-ref --format %(refname) %(objectname) %(*objectname) refs/tags [72ms]
2023-08-01 16:53:18.500 [info] > git status -z -uall [47ms]
2023-08-01 16:53:18.500 [info] > git status -z -uall [21ms]
2023-08-01 16:53:18.501 [info] > git status -z -uall [10ms]
2023-08-01 16:53:18.514 [info] > git config --get commit.template [48ms]
2023-08-01 16:53:18.557 [info] > git config --get commit.template [18ms]
2023-08-01 16:53:18.558 [info] > git for-each-ref --format %(refname) %(objectname) %(*objectname) refs/tags [29ms]
2023-08-01 16:53:18.571 [info] > git for-each-ref --format %(refname) %(objectname) %(*objectname) refs/tags [16ms]
2023-08-01 16:53:18.594 [info] > git status -z -uall [26ms]
2023-08-01 16:53:18.594 [info] > git status -z -uall [13ms]
2023-08-01 16:53:18.600 [info] > git for-each-ref --format %(refname) %(objectname) %(*objectname) refs/tags [7ms]
2023-08-01 16:53:18.617 [info] > git status -z -uall [7ms]
2023-08-01 16:53:19.059 [info] > git check-ignore -v -z --stdin [50ms]
2023-08-01 16:53:19.062 [info] > git check-ignore -v -z --stdin [41ms]
2023-08-01 16:53:19.063 [info] > git check-ignore -v -z --stdin [31ms]
2023-08-01 16:53:19.064 [info] > git check-ignore -v -z --stdin [21ms]
2023-08-01 16:53:19.068 [info] > git rev-parse --show-toplevel [10ms]
2023-08-01 16:53:19.081 [info] > git rev-parse --git-dir --git-common-dir [3ms]
2023-08-01 16:53:19.094 [info] Open repository: /home/nvidia/jetson-inference/python/training/detection/ssd
2023-08-01 16:53:19.119 [info] > git config --get commit.template [13ms]
2023-08-01 16:53:19.133 [info] > git for-each-ref --format %(refname) %(objectname) %(*objectname) refs/tags [3ms]
2023-08-01 16:53:19.154 [info] > git status -z -uall [10ms]
2023-08-01 16:53:19.190 [info] > git config --get commit.template [15ms]
2023-08-01 16:53:19.191 [info] > git for-each-ref --format %(refname) %(objectname) %(*objectname) refs/tags [4ms]
2023-08-01 16:53:19.211 [info] > git status -z -uall [9ms]
2023-08-01 16:53:19.702 [info] > git check-ignore -v -z --stdin [39ms]
2023-08-01 16:53:19.703 [info] > git check-ignore -v -z --stdin [17ms]
2023-08-01 16:53:19.704 [info] > git check-ignore -v -z --stdin [6ms]
2023-08-01 16:53:19.707 [info] > git check-ignore -v -z --stdin [32ms]
2023-08-01 16:54:04.973 [info] > git rev-parse --show-toplevel [15ms]
2023-08-01 16:54:04.973 [info] fatal: not a git repository (or any of the parent directories): .git
2023-08-01 16:54:06.186 [info] > git config --get commit.template [13ms]
2023-08-01 16:54:06.188 [info] > git config --get commit.template [3ms]
2023-08-01 16:54:06.213 [info] > git for-each-ref --format %(refname) %(objectname) %(*objectname) refs/tags [15ms]
2023-08-01 16:54:06.227 [info] > git for-each-ref --format=%(refname)%00%(upstream:short)%00%(objectname)%00%(upstream:track)%00%(upstream:remotename)%00%(upstream:remoteref) refs/heads/master refs/remotes/master [16ms]
2023-08-01 16:54:06.240 [info] > git status -z -uall [15ms]
2023-08-01 16:54:07.063 [info] > git status -z -uall [824ms]
2023-08-01 16:57:01.588 [info] > git check-ignore -v -z --stdin [24ms]
2023-08-01 16:57:01.589 [info] > git check-ignore -v -z --stdin [14ms]
2023-08-01 16:57:01.590 [info] > git check-ignore -v -z --stdin [5ms]
2023-08-01 16:57:03.739 [info] > git check-ignore -v -z --stdin [3ms]
2023-08-01 16:58:24.110 [info] > git check-ignore -v -z --stdin [3ms]
2023-08-01 16:58:24.709 [info] > git config --get commit.template [11ms]
2023-08-01 16:58:24.710 [info] > git config --get commit.template [3ms]
2023-08-01 16:58:24.732 [info] > git for-each-ref --format %(refname) %(objectname) %(*objectname) refs/tags [12ms]
2023-08-01 16:58:24.744 [info] > git for-each-ref --format=%(refname)%00%(upstream:short)%00%(objectname)%00%(upstream:track)%00%(upstream:remotename)%00%(upstream:remoteref) refs/heads/master refs/remotes/master [13ms]
2023-08-01 16:58:24.755 [info] > git status -z -uall [13ms]
2023-08-01 16:58:25.576 [info] > git status -z -uall [821ms]
2023-08-01 16:58:43.669 [info] > git check-ignore -v -z --stdin [2ms]
2023-08-01 16:58:46.356 [info] > git check-ignore -v -z --stdin [2ms]
2023-08-01 16:58:47.666 [info] > git check-ignore -v -z --stdin [3ms]
2023-08-01 16:58:58.331 [info] > git show --textconv :.gitignore [11ms]
2023-08-01 16:58:58.334 [info] > git ls-files --stage -- /home/nvidia/jetson-inference/python/training/classification/.gitignore [3ms]
2023-08-01 16:58:58.347 [info] > git cat-file -s 535434b1f4cfa3b3a8b32f6ad773c0411fc2c1c8 [3ms]
2023-08-01 16:58:58.581 [info] > git check-ignore -v -z --stdin [2ms]
2023-08-01 16:58:59.109 [info] > git config --get commit.template [14ms]
2023-08-01 16:58:59.110 [info] > git config --get commit.template [5ms]
2023-08-01 16:58:59.144 [info] > git for-each-ref --format=%(refname)%00%(upstream:short)%00%(objectname)%00%(upstream:track)%00%(upstream:remotename)%00%(upstream:remoteref) refs/heads/master refs/remotes/master [14ms]
2023-08-01 16:58:59.155 [info] > git for-each-ref --format %(refname) %(objectname) %(*objectname) refs/tags [34ms]
2023-08-01 16:58:59.166 [info] > git check-ignore -v -z --stdin [25ms]
2023-08-01 16:58:59.169 [info] > git status -z -uall [4ms]
2023-08-01 16:58:59.977 [info] > git status -z -uall [822ms]
2023-08-01 16:59:43.037 [info] > git check-ignore -v -z --stdin [3ms]
2023-08-01 16:59:46.404 [info] > git check-ignore -v -z --stdin [2ms]
2023-08-01 16:59:49.491 [info] > git check-ignore -v -z --stdin [3ms]
2023-08-01 16:59:57.345 [info] > git check-ignore -v -z --stdin [4ms]
2023-08-01 17:02:15.934 [info] > git config --get commit.template [12ms]
2023-08-01 17:02:15.936 [info] > git config --get commit.template [4ms]
2023-08-01 17:02:15.958 [info] > git for-each-ref --format %(refname) %(objectname) %(*objectname) refs/tags [13ms]
2023-08-01 17:02:15.969 [info] > git for-each-ref --format=%(refname)%00%(upstream:short)%00%(objectname)%00%(upstream:track)%00%(upstream:remotename)%00%(upstream:remoteref) refs/heads/master refs/remotes/master [13ms]
2023-08-01 17:02:15.982 [info] > git status -z -uall [14ms]
2023-08-01 17:02:16.809 [info] > git status -z -uall [828ms]
2023-08-01 17:11:28.571 [info] > git config --get commit.template [52ms]
2023-08-01 17:11:28.578 [info] > git config --get commit.template [72ms]
2023-08-01 17:11:28.632 [info] > git for-each-ref --format %(refname) %(objectname) %(*objectname) refs/tags [40ms]
2023-08-01 17:11:28.696 [info] > git for-each-ref --format=%(refname)%00%(upstream:short)%00%(objectname)%00%(upstream:track)%00%(upstream:remotename)%00%(upstream:remoteref) refs/heads/master refs/remotes/master [67ms]
2023-08-01 17:11:28.714 [info] > git status -z -uall [57ms]
2023-08-01 17:11:31.331 [info] > git status -z -uall [2618ms]
2023-08-01 17:18:40.656 [info] > git config --get commit.template [211ms]
2023-08-01 17:18:40.728 [info] > git config --get commit.template [132ms]
2023-08-01 17:18:40.800 [info] > git for-each-ref --format=%(refname)%00%(upstream:short)%00%(objectname)%00%(upstream:track)%00%(upstream:remotename)%00%(upstream:remoteref) refs/heads/master refs/remotes/master [54ms]
2023-08-01 17:18:41.074 [info] > git for-each-ref --format %(refname) %(objectname) %(*objectname) refs/tags [337ms]
2023-08-01 17:18:41.090 [info] > git status -z -uall [6ms]
2023-08-01 17:18:47.917 [info] > git status -z -uall [6843ms]
2023-08-01 17:25:58.752 [info] > git config --get commit.template [26ms]
2023-08-01 17:25:58.786 [info] > git config --get commit.template [35ms]
2023-08-01 17:25:58.843 [info] > git for-each-ref --format %(refname) %(objectname) %(*objectname) refs/tags [30ms]
2023-08-01 17:25:58.928 [info] > git for-each-ref --format=%(refname)%00%(upstream:short)%00%(objectname)%00%(upstream:track)%00%(upstream:remotename)%00%(upstream:remoteref) refs/heads/master refs/remotes/master [100ms]
2023-08-01 17:25:59.028 [info] > git status -z -uall [171ms]
2023-08-01 17:26:02.735 [info] > git status -z -uall [3791ms]
