2023-07-27 10:10:49.611 [info] Log level: Info
2023-07-27 10:10:49.611 [info] Validating found git in: "git"
2023-07-27 10:10:49.611 [info] Using git "2.17.1" from "git"
2023-07-27 10:10:49.611 [info] > git rev-parse --show-toplevel [16ms]
2023-07-27 10:10:49.611 [info] > git rev-parse --git-dir --git-common-dir [4ms]
2023-07-27 10:10:49.611 [info] Open repository: /home/nvidia/jetson-inference
2023-07-27 10:10:49.611 [info] > git rev-parse --show-toplevel [24ms]
2023-07-27 10:10:49.611 [info] > git config --get commit.template [26ms]
2023-07-27 10:10:49.611 [info] > git rev-parse --show-toplevel [8ms]
2023-07-27 10:10:49.611 [info] > git rev-parse --show-toplevel [19ms]
2023-07-27 10:10:49.611 [info] > git rev-parse --show-toplevel [14ms]
2023-07-27 10:10:49.611 [info] > git for-each-ref --format=%(refname)%00%(upstream:short)%00%(objectname)%00%(upstream:track)%00%(upstream:remotename)%00%(upstream:remoteref) refs/heads/master refs/remotes/master [42ms]
2023-07-27 10:10:49.613 [info] > git rev-parse --show-toplevel [18ms]
2023-07-27 10:10:49.634 [info] > git rev-parse --show-toplevel [11ms]
2023-07-27 10:10:49.648 [info] > git rev-parse --show-toplevel [3ms]
2023-07-27 10:10:49.663 [info] > git rev-parse --show-toplevel [5ms]
2023-07-27 10:10:49.678 [info] > git rev-parse --git-dir --git-common-dir [4ms]
2023-07-27 10:10:49.690 [info] Open repository: /home/nvidia/jetson-inference/ros
2023-07-27 10:10:49.716 [info] > git rev-parse --show-toplevel [14ms]
2023-07-27 10:10:49.738 [info] > git config --get commit.template [22ms]
2023-07-27 10:10:49.752 [info] > git rev-parse --show-toplevel [25ms]
2023-07-27 10:10:49.775 [info] > git for-each-ref --format %(refname) %(objectname) %(*objectname) refs/tags [26ms]
2023-07-27 10:10:49.790 [info] > git rev-parse --git-dir --git-common-dir [17ms]
2023-07-27 10:10:49.806 [info] Open repository: /home/nvidia/jetson-inference/utils
2023-07-27 10:10:49.829 [info] > git status -z -uall [43ms]
2023-07-27 10:10:49.864 [info] > git config --get commit.template [36ms]
2023-07-27 10:10:49.878 [info] > git config --get commit.template [14ms]
2023-07-27 10:10:49.890 [info] > git for-each-ref --format %(refname) %(objectname) %(*objectname) refs/tags [13ms]
2023-07-27 10:10:49.904 [info] > git for-each-ref --format %(refname) %(objectname) %(*objectname) refs/tags [16ms]
2023-07-27 10:10:49.941 [info] > git status -z -uall [26ms]
2023-07-27 10:10:49.953 [info] > git status -z -uall [52ms]
2023-07-27 10:10:50.039 [info] > git config --get commit.template [40ms]
2023-07-27 10:10:50.040 [info] > git for-each-ref --format %(refname) %(objectname) %(*objectname) refs/tags [25ms]
2023-07-27 10:10:50.096 [info] > git status -z -uall [45ms]
2023-07-27 10:10:50.464 [info] > git status -z -uall [856ms]
2023-07-27 10:10:50.465 [info] > git check-ignore -v -z --stdin [28ms]
2023-07-27 10:10:50.469 [info] > git check-ignore -v -z --stdin [20ms]
2023-07-27 10:10:50.470 [info] > git check-ignore -v -z --stdin [9ms]
2023-07-27 10:10:50.503 [info] > git config --get commit.template [3ms]
2023-07-27 10:10:50.519 [info] > git for-each-ref --format=%(refname)%00%(upstream:short)%00%(objectname)%00%(upstream:track)%00%(upstream:remotename)%00%(upstream:remoteref) refs/heads/master refs/remotes/master [5ms]
2023-07-27 10:10:50.994 [info] > git rev-parse --show-toplevel [3ms]
2023-07-27 10:10:51.007 [info] > git rev-parse --git-dir --git-common-dir [2ms]
2023-07-27 10:10:51.021 [info] Open repository: /home/nvidia/jetson-inference/tools/camera-capture
2023-07-27 10:10:51.047 [info] > git rev-parse --show-toplevel [14ms]
2023-07-27 10:10:51.061 [info] > git config --get commit.template [16ms]
2023-07-27 10:10:51.073 [info] > git rev-parse --git-dir --git-common-dir [15ms]
2023-07-27 10:10:51.085 [info] Open repository: /home/nvidia/jetson-inference/python/training/classification
2023-07-27 10:10:51.113 [info] > git for-each-ref --format %(refname) %(objectname) %(*objectname) refs/tags [42ms]
2023-07-27 10:10:51.130 [info] > git status -z -uall [6ms]
2023-07-27 10:10:51.130 [info] > git config --get commit.template [19ms]
2023-07-27 10:10:51.131 [info] > git rev-parse --show-toplevel [31ms]
2023-07-27 10:10:51.180 [info] > git rev-parse --git-dir --git-common-dir [39ms]
2023-07-27 10:10:51.192 [info] Open repository: /home/nvidia/jetson-inference/python/training/detection
2023-07-27 10:10:51.218 [info] > git config --get commit.template [40ms]
2023-07-27 10:10:51.219 [info] > git for-each-ref --format %(refname) %(objectname) %(*objectname) refs/tags [52ms]
2023-07-27 10:10:51.240 [info] > git status -z -uall [10ms]
2023-07-27 10:10:51.241 [info] > git config --get commit.template [24ms]
2023-07-27 10:10:51.241 [info] > git rev-parse --show-toplevel [37ms]
2023-07-27 10:10:51.303 [info] > git for-each-ref --format %(refname) %(objectname) %(*objectname) refs/tags [40ms]
2023-07-27 10:10:51.316 [info] > git rev-parse --git-dir --git-common-dir [64ms]
2023-07-27 10:10:51.329 [info] Open repository: /home/nvidia/jetson-inference/python/training/segmentation
2023-07-27 10:10:51.356 [info] > git status -z -uall [42ms]
2023-07-27 10:10:51.361 [info] > git config --get commit.template [60ms]
2023-07-27 10:10:51.362 [info] > git for-each-ref --format %(refname) %(objectname) %(*objectname) refs/tags [72ms]
2023-07-27 10:10:51.376 [info] > git status -z -uall [847ms]
2023-07-27 10:10:51.377 [info] > git config --get commit.template [22ms]
2023-07-27 10:10:51.385 [info] > git rev-parse --show-toplevel [44ms]
2023-07-27 10:10:51.409 [info] > git status -z -uall [37ms]
2023-07-27 10:10:51.447 [info] > git for-each-ref --format %(refname) %(objectname) %(*objectname) refs/tags [39ms]
2023-07-27 10:10:51.459 [info] > git rev-parse --git-dir --git-common-dir [61ms]
2023-07-27 10:10:51.470 [info] Open repository: /home/nvidia/jetson-inference/c/plugins/pose
2023-07-27 10:10:51.497 [info] > git status -z -uall [39ms]
2023-07-27 10:10:51.501 [info] > git config --get commit.template [56ms]
2023-07-27 10:10:51.502 [info] > git for-each-ref --format %(refname) %(objectname) %(*objectname) refs/tags [68ms]
2023-07-27 10:10:51.516 [info] > git config --get commit.template [21ms]
2023-07-27 10:10:51.517 [info] > git rev-parse --show-toplevel [35ms]
2023-07-27 10:10:51.541 [info] > git status -z -uall [29ms]
2023-07-27 10:10:51.578 [info] > git for-each-ref --format %(refname) %(objectname) %(*objectname) refs/tags [39ms]
2023-07-27 10:10:51.592 [info] > git rev-parse --git-dir --git-common-dir [63ms]
2023-07-27 10:10:51.610 [info] Open repository: /home/nvidia/jetson-inference/docker/containers
2023-07-27 10:10:51.625 [info] > git status -z -uall [34ms]
2023-07-27 10:10:51.630 [info] > git config --get commit.template [54ms]
2023-07-27 10:10:51.630 [info] > git for-each-ref --format %(refname) %(objectname) %(*objectname) refs/tags [66ms]
2023-07-27 10:10:51.644 [info] > git config --get commit.template [20ms]
2023-07-27 10:10:51.672 [info] > git status -z -uall [31ms]
2023-07-27 10:10:51.744 [info] > git for-each-ref --format %(refname) %(objectname) %(*objectname) refs/tags [73ms]
2023-07-27 10:10:51.756 [info] > git for-each-ref --format %(refname) %(objectname) %(*objectname) refs/tags [99ms]
2023-07-27 10:10:51.808 [info] > git status -z -uall [52ms]
2023-07-27 10:10:51.808 [info] > git status -z -uall [41ms]
2023-07-27 10:10:51.808 [info] > git check-ignore -v -z --stdin [28ms]
2023-07-27 10:10:51.810 [info] > git check-ignore -v -z --stdin [18ms]
2023-07-27 10:10:51.811 [info] > git check-ignore -v -z --stdin [7ms]
2023-07-27 10:10:51.826 [info] > git config --get commit.template [84ms]
2023-07-27 10:10:51.888 [info] > git config --get commit.template [15ms]
2023-07-27 10:10:51.901 [info] > git for-each-ref --format %(refname) %(objectname) %(*objectname) refs/tags [15ms]
2023-07-27 10:10:51.981 [info] > git status -z -uall [69ms]
2023-07-27 10:10:51.982 [info] > git for-each-ref --format %(refname) %(objectname) %(*objectname) refs/tags [58ms]
2023-07-27 10:10:52.005 [info] > git status -z -uall [12ms]
2023-07-27 10:10:52.144 [info] > git rev-parse --show-toplevel [2ms]
2023-07-27 10:10:52.158 [info] > git rev-parse --git-dir --git-common-dir [3ms]
2023-07-27 10:10:52.170 [info] Open repository: /home/nvidia/jetson-inference/python/training/detection/ssd
2023-07-27 10:10:52.210 [info] > git config --get commit.template [16ms]
2023-07-27 10:10:52.211 [info] > git for-each-ref --format %(refname) %(objectname) %(*objectname) refs/tags [5ms]
2023-07-27 10:10:52.233 [info] > git status -z -uall [10ms]
2023-07-27 10:10:52.277 [info] > git config --get commit.template [21ms]
2023-07-27 10:10:52.278 [info] > git for-each-ref --format %(refname) %(objectname) %(*objectname) refs/tags [10ms]
2023-07-27 10:10:52.304 [info] > git status -z -uall [14ms]
2023-07-27 10:10:52.435 [info] > git check-ignore -v -z --stdin [29ms]
2023-07-27 10:10:52.438 [info] > git check-ignore -v -z --stdin [20ms]
2023-07-27 10:10:52.439 [info] > git check-ignore -v -z --stdin [9ms]
