2023-07-28 10:30:16.855 [info] Extension host with pid 8797 started
2023-07-28 10:30:16.868 [error] Error: EEXIST: file already exists, open '/home/nvidia/.vscode-server/data/User/workspaceStorage/03324dc1c2011eb35ead655453848b2c/vscode.lock'
2023-07-28 10:30:16.907 [info] Lock '/home/nvidia/.vscode-server/data/User/workspaceStorage/03324dc1c2011eb35ead655453848b2c/vscode.lock': Could not acquire lock, checking if the file is stale.
2023-07-28 10:30:16.941 [info] Lock '/home/nvidia/.vscode-server/data/User/workspaceStorage/03324dc1c2011eb35ead655453848b2c/vscode.lock': The pid 18650 appears to be gone.
2023-07-28 10:30:16.941 [info] Lock '/home/nvidia/.vscode-server/data/User/workspaceStorage/03324dc1c2011eb35ead655453848b2c/vscode.lock': Deleting a stale lock.
2023-07-28 10:30:17.022 [info] ExtensionService#_doActivateExtension vscode.git-base, startup: true, activationEvent: '*', root cause: vscode.git
2023-07-28 10:30:17.056 [info] Lock '/home/nvidia/.vscode-server/data/User/workspaceStorage/03324dc1c2011eb35ead655453848b2c/vscode.lock': Lock acquired.
2023-07-28 10:30:17.094 [info] ExtensionService#_doActivateExtension vscode.git, startup: true, activationEvent: '*'
2023-07-28 10:30:17.095 [info] ExtensionService#_doActivateExtension vscode.github, startup: true, activationEvent: '*'
2023-07-28 10:30:17.798 [info] Eager extensions activated
2023-07-28 10:30:17.799 [info] ExtensionService#_doActivateExtension vscode.debug-auto-launch, startup: false, activationEvent: 'onStartupFinished'
2023-07-28 10:30:17.801 [info] ExtensionService#_doActivateExtension vscode.merge-conflict, startup: false, activationEvent: 'onStartupFinished'
2023-07-28 11:09:19.853 [info] Extension host terminating: received terminate message from renderer
2023-07-28 11:09:19.854 [info] Lock '/home/nvidia/.vscode-server/data/User/workspaceStorage/03324dc1c2011eb35ead655453848b2c/vscode.lock': Marking the lockfile as scheduled to be released in 6000 ms.
2023-07-28 11:09:19.917 [error] Canceled: Canceled
	at new h (/home/nvidia/.vscode-server/bin/660393deaaa6d1996740ff4880f1bad43768c814/out/vs/workbench/api/node/extensionHostProcess.js:100:42413)
	at t.O (/home/nvidia/.vscode-server/bin/660393deaaa6d1996740ff4880f1bad43768c814/out/vs/workbench/api/node/extensionHostProcess.js:112:11236)
	at Proxy.U.<computed>.q.charCodeAt.U.<computed> (/home/nvidia/.vscode-server/bin/660393deaaa6d1996740ff4880f1bad43768c814/out/vs/workbench/api/node/extensionHostProcess.js:112:8675)
	at e.$vL.g (/home/nvidia/.vscode-server/bin/660393deaaa6d1996740ff4880f1bad43768c814/out/vs/workbench/api/node/extensionHostProcess.js:100:63549)
	at e.$vL.executeCommand (/home/nvidia/.vscode-server/bin/660393deaaa6d1996740ff4880f1bad43768c814/out/vs/workbench/api/node/extensionHostProcess.js:100:62973)
	at P.registerCommand.description (/home/nvidia/.vscode-server/bin/660393deaaa6d1996740ff4880f1bad43768c814/out/vs/workbench/api/node/extensionHostProcess.js:100:62280)
	at e.$vL.h (/home/nvidia/.vscode-server/bin/660393deaaa6d1996740ff4880f1bad43768c814/out/vs/workbench/api/node/extensionHostProcess.js:100:64085)
	at e.$vL.g (/home/nvidia/.vscode-server/bin/660393deaaa6d1996740ff4880f1bad43768c814/out/vs/workbench/api/node/extensionHostProcess.js:100:63073)
	at e.$vL.executeCommand (/home/nvidia/.vscode-server/bin/660393deaaa6d1996740ff4880f1bad43768c814/out/vs/workbench/api/node/extensionHostProcess.js:100:62973)
	at Object.executeCommand (/home/nvidia/.vscode-server/bin/660393deaaa6d1996740ff4880f1bad43768c814/out/vs/workbench/api/node/extensionHostProcess.js:118:20971)
	at i.D [as value] (/home/nvidia/.vscode-server/bin/660393deaaa6d1996740ff4880f1bad43768c814/extensions/git/dist/main.js:2:1260424)
	at p.w (/home/nvidia/.vscode-server/bin/660393deaaa6d1996740ff4880f1bad43768c814/out/vs/workbench/api/node/extensionHostProcess.js:60:1902)
	at p.x (/home/nvidia/.vscode-server/bin/660393deaaa6d1996740ff4880f1bad43768c814/out/vs/workbench/api/node/extensionHostProcess.js:60:1972)
	at p.fire (/home/nvidia/.vscode-server/bin/660393deaaa6d1996740ff4880f1bad43768c814/out/vs/workbench/api/node/extensionHostProcess.js:60:2188)
	at Object.f [as dispose] (/home/nvidia/.vscode-server/bin/660393deaaa6d1996740ff4880f1bad43768c814/extensions/git/dist/main.js:2:1275972)
	at /home/nvidia/.vscode-server/bin/660393deaaa6d1996740ff4880f1bad43768c814/extensions/git/dist/main.js:2:1280539
	at Array.forEach (<anonymous>)
	at g.dispose (/home/nvidia/.vscode-server/bin/660393deaaa6d1996740ff4880f1bad43768c814/extensions/git/dist/main.js:2:1280525)
	at o.<anonymous> (/home/nvidia/.vscode-server/bin/660393deaaa6d1996740ff4880f1bad43768c814/out/vs/workbench/api/node/extensionHostProcess.js:96:4162)
	at o.dispose (/home/nvidia/.vscode-server/bin/660393deaaa6d1996740ff4880f1bad43768c814/out/vs/workbench/api/node/extensionHostProcess.js:96:4297)
	at o.<anonymous> (/home/nvidia/.vscode-server/bin/660393deaaa6d1996740ff4880f1bad43768c814/extensions/git/dist/main.js:2:1262437)
	at o.dispose (/home/nvidia/.vscode-server/bin/660393deaaa6d1996740ff4880f1bad43768c814/out/vs/workbench/api/node/extensionHostProcess.js:96:4297)
	at D (/home/nvidia/.vscode-server/bin/660393deaaa6d1996740ff4880f1bad43768c814/out/vs/workbench/api/node/extensionHostProcess.js:10:11731)
	at i.Z (/home/nvidia/.vscode-server/bin/660393deaaa6d1996740ff4880f1bad43768c814/out/vs/workbench/api/node/extensionHostProcess.js:114:10370)
	at /home/nvidia/.vscode-server/bin/660393deaaa6d1996740ff4880f1bad43768c814/out/vs/workbench/api/node/extensionHostProcess.js:114:8332
	at Array.map (<anonymous>)
	at i.S (/home/nvidia/.vscode-server/bin/660393deaaa6d1996740ff4880f1bad43768c814/out/vs/workbench/api/node/extensionHostProcess.js:114:8319)
	at i.terminate (/home/nvidia/.vscode-server/bin/660393deaaa6d1996740ff4880f1bad43768c814/out/vs/workbench/api/node/extensionHostProcess.js:114:8591)
	at l.terminate (/home/nvidia/.vscode-server/bin/660393deaaa6d1996740ff4880f1bad43768c814/out/vs/workbench/api/node/extensionHostProcess.js:118:1532)
	at E (/home/nvidia/.vscode-server/bin/660393deaaa6d1996740ff4880f1bad43768c814/out/vs/workbench/api/node/extensionHostProcess.js:128:32236)
	at i.value (/home/nvidia/.vscode-server/bin/660393deaaa6d1996740ff4880f1bad43768c814/out/vs/workbench/api/node/extensionHostProcess.js:128:30287)
	at p.w (/home/nvidia/.vscode-server/bin/660393deaaa6d1996740ff4880f1bad43768c814/out/vs/workbench/api/node/extensionHostProcess.js:60:1902)
	at p.fire (/home/nvidia/.vscode-server/bin/660393deaaa6d1996740ff4880f1bad43768c814/out/vs/workbench/api/node/extensionHostProcess.js:60:2119)
	at fire (/home/nvidia/.vscode-server/bin/660393deaaa6d1996740ff4880f1bad43768c814/out/vs/workbench/api/node/extensionHostProcess.js:76:13931)
	at s.z (/home/nvidia/.vscode-server/bin/660393deaaa6d1996740ff4880f1bad43768c814/out/vs/workbench/api/node/extensionHostProcess.js:76:16976)
	at i.value (/home/nvidia/.vscode-server/bin/660393deaaa6d1996740ff4880f1bad43768c814/out/vs/workbench/api/node/extensionHostProcess.js:76:15428)
	at p.w (/home/nvidia/.vscode-server/bin/660393deaaa6d1996740ff4880f1bad43768c814/out/vs/workbench/api/node/extensionHostProcess.js:60:1902)
	at p.fire (/home/nvidia/.vscode-server/bin/660393deaaa6d1996740ff4880f1bad43768c814/out/vs/workbench/api/node/extensionHostProcess.js:60:2119)
	at i.acceptChunk (/home/nvidia/.vscode-server/bin/660393deaaa6d1996740ff4880f1bad43768c814/out/vs/workbench/api/node/extensionHostProcess.js:76:11705)
	at i.value (/home/nvidia/.vscode-server/bin/660393deaaa6d1996740ff4880f1bad43768c814/out/vs/workbench/api/node/extensionHostProcess.js:76:10992)
	at p.w (/home/nvidia/.vscode-server/bin/660393deaaa6d1996740ff4880f1bad43768c814/out/vs/workbench/api/node/extensionHostProcess.js:60:1902)
	at p.fire (/home/nvidia/.vscode-server/bin/660393deaaa6d1996740ff4880f1bad43768c814/out/vs/workbench/api/node/extensionHostProcess.js:60:2119)
	at p.u (/home/nvidia/.vscode-server/bin/660393deaaa6d1996740ff4880f1bad43768c814/out/vs/workbench/api/node/extensionHostProcess.js:128:19065) setContext undefined
2023-07-28 11:09:19.918 [error] Canceled: Canceled
	at new h (/home/nvidia/.vscode-server/bin/660393deaaa6d1996740ff4880f1bad43768c814/out/vs/workbench/api/node/extensionHostProcess.js:100:42413)
	at t.O (/home/nvidia/.vscode-server/bin/660393deaaa6d1996740ff4880f1bad43768c814/out/vs/workbench/api/node/extensionHostProcess.js:112:11236)
	at Proxy.U.<computed>.q.charCodeAt.U.<computed> (/home/nvidia/.vscode-server/bin/660393deaaa6d1996740ff4880f1bad43768c814/out/vs/workbench/api/node/extensionHostProcess.js:112:8675)
	at e.$vL.g (/home/nvidia/.vscode-server/bin/660393deaaa6d1996740ff4880f1bad43768c814/out/vs/workbench/api/node/extensionHostProcess.js:100:63549)
	at e.$vL.executeCommand (/home/nvidia/.vscode-server/bin/660393deaaa6d1996740ff4880f1bad43768c814/out/vs/workbench/api/node/extensionHostProcess.js:100:62973)
	at P.registerCommand.description (/home/nvidia/.vscode-server/bin/660393deaaa6d1996740ff4880f1bad43768c814/out/vs/workbench/api/node/extensionHostProcess.js:100:62280)
	at e.$vL.h (/home/nvidia/.vscode-server/bin/660393deaaa6d1996740ff4880f1bad43768c814/out/vs/workbench/api/node/extensionHostProcess.js:100:64085)
	at e.$vL.g (/home/nvidia/.vscode-server/bin/660393deaaa6d1996740ff4880f1bad43768c814/out/vs/workbench/api/node/extensionHostProcess.js:100:63073)
	at e.$vL.executeCommand (/home/nvidia/.vscode-server/bin/660393deaaa6d1996740ff4880f1bad43768c814/out/vs/workbench/api/node/extensionHostProcess.js:100:62973)
	at Object.executeCommand (/home/nvidia/.vscode-server/bin/660393deaaa6d1996740ff4880f1bad43768c814/out/vs/workbench/api/node/extensionHostProcess.js:118:20971)
	at i.D [as value] (/home/nvidia/.vscode-server/bin/660393deaaa6d1996740ff4880f1bad43768c814/extensions/git/dist/main.js:2:1260424)
	at p.w (/home/nvidia/.vscode-server/bin/660393deaaa6d1996740ff4880f1bad43768c814/out/vs/workbench/api/node/extensionHostProcess.js:60:1902)
	at p.x (/home/nvidia/.vscode-server/bin/660393deaaa6d1996740ff4880f1bad43768c814/out/vs/workbench/api/node/extensionHostProcess.js:60:1972)
	at p.fire (/home/nvidia/.vscode-server/bin/660393deaaa6d1996740ff4880f1bad43768c814/out/vs/workbench/api/node/extensionHostProcess.js:60:2188)
	at Object.f [as dispose] (/home/nvidia/.vscode-server/bin/660393deaaa6d1996740ff4880f1bad43768c814/extensions/git/dist/main.js:2:1275972)
	at /home/nvidia/.vscode-server/bin/660393deaaa6d1996740ff4880f1bad43768c814/extensions/git/dist/main.js:2:1280539
	at Array.forEach (<anonymous>)
	at g.dispose (/home/nvidia/.vscode-server/bin/660393deaaa6d1996740ff4880f1bad43768c814/extensions/git/dist/main.js:2:1280525)
	at o.<anonymous> (/home/nvidia/.vscode-server/bin/660393deaaa6d1996740ff4880f1bad43768c814/out/vs/workbench/api/node/extensionHostProcess.js:96:4162)
	at o.dispose (/home/nvidia/.vscode-server/bin/660393deaaa6d1996740ff4880f1bad43768c814/out/vs/workbench/api/node/extensionHostProcess.js:96:4297)
	at o.<anonymous> (/home/nvidia/.vscode-server/bin/660393deaaa6d1996740ff4880f1bad43768c814/extensions/git/dist/main.js:2:1262437)
	at o.dispose (/home/nvidia/.vscode-server/bin/660393deaaa6d1996740ff4880f1bad43768c814/out/vs/workbench/api/node/extensionHostProcess.js:96:4297)
	at D (/home/nvidia/.vscode-server/bin/660393deaaa6d1996740ff4880f1bad43768c814/out/vs/workbench/api/node/extensionHostProcess.js:10:11731)
	at i.Z (/home/nvidia/.vscode-server/bin/660393deaaa6d1996740ff4880f1bad43768c814/out/vs/workbench/api/node/extensionHostProcess.js:114:10370)
	at /home/nvidia/.vscode-server/bin/660393deaaa6d1996740ff4880f1bad43768c814/out/vs/workbench/api/node/extensionHostProcess.js:114:8332
	at Array.map (<anonymous>)
	at i.S (/home/nvidia/.vscode-server/bin/660393deaaa6d1996740ff4880f1bad43768c814/out/vs/workbench/api/node/extensionHostProcess.js:114:8319)
	at i.terminate (/home/nvidia/.vscode-server/bin/660393deaaa6d1996740ff4880f1bad43768c814/out/vs/workbench/api/node/extensionHostProcess.js:114:8591)
	at l.terminate (/home/nvidia/.vscode-server/bin/660393deaaa6d1996740ff4880f1bad43768c814/out/vs/workbench/api/node/extensionHostProcess.js:118:1532)
	at E (/home/nvidia/.vscode-server/bin/660393deaaa6d1996740ff4880f1bad43768c814/out/vs/workbench/api/node/extensionHostProcess.js:128:32236)
	at i.value (/home/nvidia/.vscode-server/bin/660393deaaa6d1996740ff4880f1bad43768c814/out/vs/workbench/api/node/extensionHostProcess.js:128:30287)
	at p.w (/home/nvidia/.vscode-server/bin/660393deaaa6d1996740ff4880f1bad43768c814/out/vs/workbench/api/node/extensionHostProcess.js:60:1902)
	at p.fire (/home/nvidia/.vscode-server/bin/660393deaaa6d1996740ff4880f1bad43768c814/out/vs/workbench/api/node/extensionHostProcess.js:60:2119)
	at fire (/home/nvidia/.vscode-server/bin/660393deaaa6d1996740ff4880f1bad43768c814/out/vs/workbench/api/node/extensionHostProcess.js:76:13931)
	at s.z (/home/nvidia/.vscode-server/bin/660393deaaa6d1996740ff4880f1bad43768c814/out/vs/workbench/api/node/extensionHostProcess.js:76:16976)
	at i.value (/home/nvidia/.vscode-server/bin/660393deaaa6d1996740ff4880f1bad43768c814/out/vs/workbench/api/node/extensionHostProcess.js:76:15428)
	at p.w (/home/nvidia/.vscode-server/bin/660393deaaa6d1996740ff4880f1bad43768c814/out/vs/workbench/api/node/extensionHostProcess.js:60:1902)
	at p.fire (/home/nvidia/.vscode-server/bin/660393deaaa6d1996740ff4880f1bad43768c814/out/vs/workbench/api/node/extensionHostProcess.js:60:2119)
	at i.acceptChunk (/home/nvidia/.vscode-server/bin/660393deaaa6d1996740ff4880f1bad43768c814/out/vs/workbench/api/node/extensionHostProcess.js:76:11705)
	at i.value (/home/nvidia/.vscode-server/bin/660393deaaa6d1996740ff4880f1bad43768c814/out/vs/workbench/api/node/extensionHostProcess.js:76:10992)
	at p.w (/home/nvidia/.vscode-server/bin/660393deaaa6d1996740ff4880f1bad43768c814/out/vs/workbench/api/node/extensionHostProcess.js:60:1902)
	at p.fire (/home/nvidia/.vscode-server/bin/660393deaaa6d1996740ff4880f1bad43768c814/out/vs/workbench/api/node/extensionHostProcess.js:60:2119)
	at p.u (/home/nvidia/.vscode-server/bin/660393deaaa6d1996740ff4880f1bad43768c814/out/vs/workbench/api/node/extensionHostProcess.js:128:19065) setContext undefined
2023-07-28 11:09:19.918 [error] Canceled: Canceled
	at new h (/home/nvidia/.vscode-server/bin/660393deaaa6d1996740ff4880f1bad43768c814/out/vs/workbench/api/node/extensionHostProcess.js:100:42413)
	at t.O (/home/nvidia/.vscode-server/bin/660393deaaa6d1996740ff4880f1bad43768c814/out/vs/workbench/api/node/extensionHostProcess.js:112:11236)
	at Proxy.U.<computed>.q.charCodeAt.U.<computed> (/home/nvidia/.vscode-server/bin/660393deaaa6d1996740ff4880f1bad43768c814/out/vs/workbench/api/node/extensionHostProcess.js:112:8675)
	at e.$vL.g (/home/nvidia/.vscode-server/bin/660393deaaa6d1996740ff4880f1bad43768c814/out/vs/workbench/api/node/extensionHostProcess.js:100:63549)
	at e.$vL.executeCommand (/home/nvidia/.vscode-server/bin/660393deaaa6d1996740ff4880f1bad43768c814/out/vs/workbench/api/node/extensionHostProcess.js:100:62973)
	at P.registerCommand.description (/home/nvidia/.vscode-server/bin/660393deaaa6d1996740ff4880f1bad43768c814/out/vs/workbench/api/node/extensionHostProcess.js:100:62280)
	at e.$vL.h (/home/nvidia/.vscode-server/bin/660393deaaa6d1996740ff4880f1bad43768c814/out/vs/workbench/api/node/extensionHostProcess.js:100:64085)
	at e.$vL.g (/home/nvidia/.vscode-server/bin/660393deaaa6d1996740ff4880f1bad43768c814/out/vs/workbench/api/node/extensionHostProcess.js:100:63073)
	at e.$vL.executeCommand (/home/nvidia/.vscode-server/bin/660393deaaa6d1996740ff4880f1bad43768c814/out/vs/workbench/api/node/extensionHostProcess.js:100:62973)
	at Object.executeCommand (/home/nvidia/.vscode-server/bin/660393deaaa6d1996740ff4880f1bad43768c814/out/vs/workbench/api/node/extensionHostProcess.js:118:20971)
	at i.D [as value] (/home/nvidia/.vscode-server/bin/660393deaaa6d1996740ff4880f1bad43768c814/extensions/git/dist/main.js:2:1260424)
	at p.w (/home/nvidia/.vscode-server/bin/660393deaaa6d1996740ff4880f1bad43768c814/out/vs/workbench/api/node/extensionHostProcess.js:60:1902)
	at p.x (/home/nvidia/.vscode-server/bin/660393deaaa6d1996740ff4880f1bad43768c814/out/vs/workbench/api/node/extensionHostProcess.js:60:1972)
	at p.fire (/home/nvidia/.vscode-server/bin/660393deaaa6d1996740ff4880f1bad43768c814/out/vs/workbench/api/node/extensionHostProcess.js:60:2188)
	at Object.f [as dispose] (/home/nvidia/.vscode-server/bin/660393deaaa6d1996740ff4880f1bad43768c814/extensions/git/dist/main.js:2:1275972)
	at /home/nvidia/.vscode-server/bin/660393deaaa6d1996740ff4880f1bad43768c814/extensions/git/dist/main.js:2:1280539
	at Array.forEach (<anonymous>)
	at g.dispose (/home/nvidia/.vscode-server/bin/660393deaaa6d1996740ff4880f1bad43768c814/extensions/git/dist/main.js:2:1280525)
	at o.<anonymous> (/home/nvidia/.vscode-server/bin/660393deaaa6d1996740ff4880f1bad43768c814/out/vs/workbench/api/node/extensionHostProcess.js:96:4162)
	at o.dispose (/home/nvidia/.vscode-server/bin/660393deaaa6d1996740ff4880f1bad43768c814/out/vs/workbench/api/node/extensionHostProcess.js:96:4297)
	at o.<anonymous> (/home/nvidia/.vscode-server/bin/660393deaaa6d1996740ff4880f1bad43768c814/extensions/git/dist/main.js:2:1262437)
	at o.dispose (/home/nvidia/.vscode-server/bin/660393deaaa6d1996740ff4880f1bad43768c814/out/vs/workbench/api/node/extensionHostProcess.js:96:4297)
	at D (/home/nvidia/.vscode-server/bin/660393deaaa6d1996740ff4880f1bad43768c814/out/vs/workbench/api/node/extensionHostProcess.js:10:11731)
	at i.Z (/home/nvidia/.vscode-server/bin/660393deaaa6d1996740ff4880f1bad43768c814/out/vs/workbench/api/node/extensionHostProcess.js:114:10370)
	at /home/nvidia/.vscode-server/bin/660393deaaa6d1996740ff4880f1bad43768c814/out/vs/workbench/api/node/extensionHostProcess.js:114:8332
	at Array.map (<anonymous>)
	at i.S (/home/nvidia/.vscode-server/bin/660393deaaa6d1996740ff4880f1bad43768c814/out/vs/workbench/api/node/extensionHostProcess.js:114:8319)
	at i.terminate (/home/nvidia/.vscode-server/bin/660393deaaa6d1996740ff4880f1bad43768c814/out/vs/workbench/api/node/extensionHostProcess.js:114:8591)
	at l.terminate (/home/nvidia/.vscode-server/bin/660393deaaa6d1996740ff4880f1bad43768c814/out/vs/workbench/api/node/extensionHostProcess.js:118:1532)
	at E (/home/nvidia/.vscode-server/bin/660393deaaa6d1996740ff4880f1bad43768c814/out/vs/workbench/api/node/extensionHostProcess.js:128:32236)
	at i.value (/home/nvidia/.vscode-server/bin/660393deaaa6d1996740ff4880f1bad43768c814/out/vs/workbench/api/node/extensionHostProcess.js:128:30287)
	at p.w (/home/nvidia/.vscode-server/bin/660393deaaa6d1996740ff4880f1bad43768c814/out/vs/workbench/api/node/extensionHostProcess.js:60:1902)
	at p.fire (/home/nvidia/.vscode-server/bin/660393deaaa6d1996740ff4880f1bad43768c814/out/vs/workbench/api/node/extensionHostProcess.js:60:2119)
	at fire (/home/nvidia/.vscode-server/bin/660393deaaa6d1996740ff4880f1bad43768c814/out/vs/workbench/api/node/extensionHostProcess.js:76:13931)
	at s.z (/home/nvidia/.vscode-server/bin/660393deaaa6d1996740ff4880f1bad43768c814/out/vs/workbench/api/node/extensionHostProcess.js:76:16976)
	at i.value (/home/nvidia/.vscode-server/bin/660393deaaa6d1996740ff4880f1bad43768c814/out/vs/workbench/api/node/extensionHostProcess.js:76:15428)
	at p.w (/home/nvidia/.vscode-server/bin/660393deaaa6d1996740ff4880f1bad43768c814/out/vs/workbench/api/node/extensionHostProcess.js:60:1902)
	at p.fire (/home/nvidia/.vscode-server/bin/660393deaaa6d1996740ff4880f1bad43768c814/out/vs/workbench/api/node/extensionHostProcess.js:60:2119)
	at i.acceptChunk (/home/nvidia/.vscode-server/bin/660393deaaa6d1996740ff4880f1bad43768c814/out/vs/workbench/api/node/extensionHostProcess.js:76:11705)
	at i.value (/home/nvidia/.vscode-server/bin/660393deaaa6d1996740ff4880f1bad43768c814/out/vs/workbench/api/node/extensionHostProcess.js:76:10992)
	at p.w (/home/nvidia/.vscode-server/bin/660393deaaa6d1996740ff4880f1bad43768c814/out/vs/workbench/api/node/extensionHostProcess.js:60:1902)
	at p.fire (/home/nvidia/.vscode-server/bin/660393deaaa6d1996740ff4880f1bad43768c814/out/vs/workbench/api/node/extensionHostProcess.js:60:2119)
	at p.u (/home/nvidia/.vscode-server/bin/660393deaaa6d1996740ff4880f1bad43768c814/out/vs/workbench/api/node/extensionHostProcess.js:128:19065) setContext undefined
2023-07-28 11:09:19.919 [error] Canceled: Canceled
	at new h (/home/nvidia/.vscode-server/bin/660393deaaa6d1996740ff4880f1bad43768c814/out/vs/workbench/api/node/extensionHostProcess.js:100:42413)
	at t.O (/home/nvidia/.vscode-server/bin/660393deaaa6d1996740ff4880f1bad43768c814/out/vs/workbench/api/node/extensionHostProcess.js:112:11236)
	at Proxy.U.<computed>.q.charCodeAt.U.<computed> (/home/nvidia/.vscode-server/bin/660393deaaa6d1996740ff4880f1bad43768c814/out/vs/workbench/api/node/extensionHostProcess.js:112:8675)
	at e.$vL.g (/home/nvidia/.vscode-server/bin/660393deaaa6d1996740ff4880f1bad43768c814/out/vs/workbench/api/node/extensionHostProcess.js:100:63549)
	at e.$vL.executeCommand (/home/nvidia/.vscode-server/bin/660393deaaa6d1996740ff4880f1bad43768c814/out/vs/workbench/api/node/extensionHostProcess.js:100:62973)
	at P.registerCommand.description (/home/nvidia/.vscode-server/bin/660393deaaa6d1996740ff4880f1bad43768c814/out/vs/workbench/api/node/extensionHostProcess.js:100:62280)
	at e.$vL.h (/home/nvidia/.vscode-server/bin/660393deaaa6d1996740ff4880f1bad43768c814/out/vs/workbench/api/node/extensionHostProcess.js:100:64085)
	at e.$vL.g (/home/nvidia/.vscode-server/bin/660393deaaa6d1996740ff4880f1bad43768c814/out/vs/workbench/api/node/extensionHostProcess.js:100:63073)
	at e.$vL.executeCommand (/home/nvidia/.vscode-server/bin/660393deaaa6d1996740ff4880f1bad43768c814/out/vs/workbench/api/node/extensionHostProcess.js:100:62973)
	at Object.executeCommand (/home/nvidia/.vscode-server/bin/660393deaaa6d1996740ff4880f1bad43768c814/out/vs/workbench/api/node/extensionHostProcess.js:118:20971)
	at i.D [as value] (/home/nvidia/.vscode-server/bin/660393deaaa6d1996740ff4880f1bad43768c814/extensions/git/dist/main.js:2:1260424)
	at p.w (/home/nvidia/.vscode-server/bin/660393deaaa6d1996740ff4880f1bad43768c814/out/vs/workbench/api/node/extensionHostProcess.js:60:1902)
	at p.x (/home/nvidia/.vscode-server/bin/660393deaaa6d1996740ff4880f1bad43768c814/out/vs/workbench/api/node/extensionHostProcess.js:60:1972)
	at p.fire (/home/nvidia/.vscode-server/bin/660393deaaa6d1996740ff4880f1bad43768c814/out/vs/workbench/api/node/extensionHostProcess.js:60:2188)
	at Object.f [as dispose] (/home/nvidia/.vscode-server/bin/660393deaaa6d1996740ff4880f1bad43768c814/extensions/git/dist/main.js:2:1275972)
	at /home/nvidia/.vscode-server/bin/660393deaaa6d1996740ff4880f1bad43768c814/extensions/git/dist/main.js:2:1280539
	at Array.forEach (<anonymous>)
	at g.dispose (/home/nvidia/.vscode-server/bin/660393deaaa6d1996740ff4880f1bad43768c814/extensions/git/dist/main.js:2:1280525)
	at o.<anonymous> (/home/nvidia/.vscode-server/bin/660393deaaa6d1996740ff4880f1bad43768c814/out/vs/workbench/api/node/extensionHostProcess.js:96:4162)
	at o.dispose (/home/nvidia/.vscode-server/bin/660393deaaa6d1996740ff4880f1bad43768c814/out/vs/workbench/api/node/extensionHostProcess.js:96:4297)
	at o.<anonymous> (/home/nvidia/.vscode-server/bin/660393deaaa6d1996740ff4880f1bad43768c814/extensions/git/dist/main.js:2:1262437)
	at o.dispose (/home/nvidia/.vscode-server/bin/660393deaaa6d1996740ff4880f1bad43768c814/out/vs/workbench/api/node/extensionHostProcess.js:96:4297)
	at D (/home/nvidia/.vscode-server/bin/660393deaaa6d1996740ff4880f1bad43768c814/out/vs/workbench/api/node/extensionHostProcess.js:10:11731)
	at i.Z (/home/nvidia/.vscode-server/bin/660393deaaa6d1996740ff4880f1bad43768c814/out/vs/workbench/api/node/extensionHostProcess.js:114:10370)
	at /home/nvidia/.vscode-server/bin/660393deaaa6d1996740ff4880f1bad43768c814/out/vs/workbench/api/node/extensionHostProcess.js:114:8332
	at Array.map (<anonymous>)
	at i.S (/home/nvidia/.vscode-server/bin/660393deaaa6d1996740ff4880f1bad43768c814/out/vs/workbench/api/node/extensionHostProcess.js:114:8319)
	at i.terminate (/home/nvidia/.vscode-server/bin/660393deaaa6d1996740ff4880f1bad43768c814/out/vs/workbench/api/node/extensionHostProcess.js:114:8591)
	at l.terminate (/home/nvidia/.vscode-server/bin/660393deaaa6d1996740ff4880f1bad43768c814/out/vs/workbench/api/node/extensionHostProcess.js:118:1532)
	at E (/home/nvidia/.vscode-server/bin/660393deaaa6d1996740ff4880f1bad43768c814/out/vs/workbench/api/node/extensionHostProcess.js:128:32236)
	at i.value (/home/nvidia/.vscode-server/bin/660393deaaa6d1996740ff4880f1bad43768c814/out/vs/workbench/api/node/extensionHostProcess.js:128:30287)
	at p.w (/home/nvidia/.vscode-server/bin/660393deaaa6d1996740ff4880f1bad43768c814/out/vs/workbench/api/node/extensionHostProcess.js:60:1902)
	at p.fire (/home/nvidia/.vscode-server/bin/660393deaaa6d1996740ff4880f1bad43768c814/out/vs/workbench/api/node/extensionHostProcess.js:60:2119)
	at fire (/home/nvidia/.vscode-server/bin/660393deaaa6d1996740ff4880f1bad43768c814/out/vs/workbench/api/node/extensionHostProcess.js:76:13931)
	at s.z (/home/nvidia/.vscode-server/bin/660393deaaa6d1996740ff4880f1bad43768c814/out/vs/workbench/api/node/extensionHostProcess.js:76:16976)
	at i.value (/home/nvidia/.vscode-server/bin/660393deaaa6d1996740ff4880f1bad43768c814/out/vs/workbench/api/node/extensionHostProcess.js:76:15428)
	at p.w (/home/nvidia/.vscode-server/bin/660393deaaa6d1996740ff4880f1bad43768c814/out/vs/workbench/api/node/extensionHostProcess.js:60:1902)
	at p.fire (/home/nvidia/.vscode-server/bin/660393deaaa6d1996740ff4880f1bad43768c814/out/vs/workbench/api/node/extensionHostProcess.js:60:2119)
	at i.acceptChunk (/home/nvidia/.vscode-server/bin/660393deaaa6d1996740ff4880f1bad43768c814/out/vs/workbench/api/node/extensionHostProcess.js:76:11705)
	at i.value (/home/nvidia/.vscode-server/bin/660393deaaa6d1996740ff4880f1bad43768c814/out/vs/workbench/api/node/extensionHostProcess.js:76:10992)
	at p.w (/home/nvidia/.vscode-server/bin/660393deaaa6d1996740ff4880f1bad43768c814/out/vs/workbench/api/node/extensionHostProcess.js:60:1902)
	at p.fire (/home/nvidia/.vscode-server/bin/660393deaaa6d1996740ff4880f1bad43768c814/out/vs/workbench/api/node/extensionHostProcess.js:60:2119)
	at p.u (/home/nvidia/.vscode-server/bin/660393deaaa6d1996740ff4880f1bad43768c814/out/vs/workbench/api/node/extensionHostProcess.js:128:19065) setContext undefined
2023-07-28 11:09:19.920 [error] Canceled: Canceled
	at new h (/home/nvidia/.vscode-server/bin/660393deaaa6d1996740ff4880f1bad43768c814/out/vs/workbench/api/node/extensionHostProcess.js:100:42413)
	at t.O (/home/nvidia/.vscode-server/bin/660393deaaa6d1996740ff4880f1bad43768c814/out/vs/workbench/api/node/extensionHostProcess.js:112:11236)
	at Proxy.U.<computed>.q.charCodeAt.U.<computed> (/home/nvidia/.vscode-server/bin/660393deaaa6d1996740ff4880f1bad43768c814/out/vs/workbench/api/node/extensionHostProcess.js:112:8675)
	at e.$vL.g (/home/nvidia/.vscode-server/bin/660393deaaa6d1996740ff4880f1bad43768c814/out/vs/workbench/api/node/extensionHostProcess.js:100:63549)
	at e.$vL.executeCommand (/home/nvidia/.vscode-server/bin/660393deaaa6d1996740ff4880f1bad43768c814/out/vs/workbench/api/node/extensionHostProcess.js:100:62973)
	at P.registerCommand.description (/home/nvidia/.vscode-server/bin/660393deaaa6d1996740ff4880f1bad43768c814/out/vs/workbench/api/node/extensionHostProcess.js:100:62280)
	at e.$vL.h (/home/nvidia/.vscode-server/bin/660393deaaa6d1996740ff4880f1bad43768c814/out/vs/workbench/api/node/extensionHostProcess.js:100:64085)
	at e.$vL.g (/home/nvidia/.vscode-server/bin/660393deaaa6d1996740ff4880f1bad43768c814/out/vs/workbench/api/node/extensionHostProcess.js:100:63073)
	at e.$vL.executeCommand (/home/nvidia/.vscode-server/bin/660393deaaa6d1996740ff4880f1bad43768c814/out/vs/workbench/api/node/extensionHostProcess.js:100:62973)
	at Object.executeCommand (/home/nvidia/.vscode-server/bin/660393deaaa6d1996740ff4880f1bad43768c814/out/vs/workbench/api/node/extensionHostProcess.js:118:20971)
	at i.D [as value] (/home/nvidia/.vscode-server/bin/660393deaaa6d1996740ff4880f1bad43768c814/extensions/git/dist/main.js:2:1260424)
	at p.w (/home/nvidia/.vscode-server/bin/660393deaaa6d1996740ff4880f1bad43768c814/out/vs/workbench/api/node/extensionHostProcess.js:60:1902)
	at p.x (/home/nvidia/.vscode-server/bin/660393deaaa6d1996740ff4880f1bad43768c814/out/vs/workbench/api/node/extensionHostProcess.js:60:1972)
	at p.fire (/home/nvidia/.vscode-server/bin/660393deaaa6d1996740ff4880f1bad43768c814/out/vs/workbench/api/node/extensionHostProcess.js:60:2188)
	at Object.f [as dispose] (/home/nvidia/.vscode-server/bin/660393deaaa6d1996740ff4880f1bad43768c814/extensions/git/dist/main.js:2:1275972)
	at /home/nvidia/.vscode-server/bin/660393deaaa6d1996740ff4880f1bad43768c814/extensions/git/dist/main.js:2:1280539
	at Array.forEach (<anonymous>)
	at g.dispose (/home/nvidia/.vscode-server/bin/660393deaaa6d1996740ff4880f1bad43768c814/extensions/git/dist/main.js:2:1280525)
	at o.<anonymous> (/home/nvidia/.vscode-server/bin/660393deaaa6d1996740ff4880f1bad43768c814/out/vs/workbench/api/node/extensionHostProcess.js:96:4162)
	at o.dispose (/home/nvidia/.vscode-server/bin/660393deaaa6d1996740ff4880f1bad43768c814/out/vs/workbench/api/node/extensionHostProcess.js:96:4297)
	at o.<anonymous> (/home/nvidia/.vscode-server/bin/660393deaaa6d1996740ff4880f1bad43768c814/extensions/git/dist/main.js:2:1262437)
	at o.dispose (/home/nvidia/.vscode-server/bin/660393deaaa6d1996740ff4880f1bad43768c814/out/vs/workbench/api/node/extensionHostProcess.js:96:4297)
	at D (/home/nvidia/.vscode-server/bin/660393deaaa6d1996740ff4880f1bad43768c814/out/vs/workbench/api/node/extensionHostProcess.js:10:11731)
	at i.Z (/home/nvidia/.vscode-server/bin/660393deaaa6d1996740ff4880f1bad43768c814/out/vs/workbench/api/node/extensionHostProcess.js:114:10370)
	at /home/nvidia/.vscode-server/bin/660393deaaa6d1996740ff4880f1bad43768c814/out/vs/workbench/api/node/extensionHostProcess.js:114:8332
	at Array.map (<anonymous>)
	at i.S (/home/nvidia/.vscode-server/bin/660393deaaa6d1996740ff4880f1bad43768c814/out/vs/workbench/api/node/extensionHostProcess.js:114:8319)
	at i.terminate (/home/nvidia/.vscode-server/bin/660393deaaa6d1996740ff4880f1bad43768c814/out/vs/workbench/api/node/extensionHostProcess.js:114:8591)
	at l.terminate (/home/nvidia/.vscode-server/bin/660393deaaa6d1996740ff4880f1bad43768c814/out/vs/workbench/api/node/extensionHostProcess.js:118:1532)
	at E (/home/nvidia/.vscode-server/bin/660393deaaa6d1996740ff4880f1bad43768c814/out/vs/workbench/api/node/extensionHostProcess.js:128:32236)
	at i.value (/home/nvidia/.vscode-server/bin/660393deaaa6d1996740ff4880f1bad43768c814/out/vs/workbench/api/node/extensionHostProcess.js:128:30287)
	at p.w (/home/nvidia/.vscode-server/bin/660393deaaa6d1996740ff4880f1bad43768c814/out/vs/workbench/api/node/extensionHostProcess.js:60:1902)
	at p.fire (/home/nvidia/.vscode-server/bin/660393deaaa6d1996740ff4880f1bad43768c814/out/vs/workbench/api/node/extensionHostProcess.js:60:2119)
	at fire (/home/nvidia/.vscode-server/bin/660393deaaa6d1996740ff4880f1bad43768c814/out/vs/workbench/api/node/extensionHostProcess.js:76:13931)
	at s.z (/home/nvidia/.vscode-server/bin/660393deaaa6d1996740ff4880f1bad43768c814/out/vs/workbench/api/node/extensionHostProcess.js:76:16976)
	at i.value (/home/nvidia/.vscode-server/bin/660393deaaa6d1996740ff4880f1bad43768c814/out/vs/workbench/api/node/extensionHostProcess.js:76:15428)
	at p.w (/home/nvidia/.vscode-server/bin/660393deaaa6d1996740ff4880f1bad43768c814/out/vs/workbench/api/node/extensionHostProcess.js:60:1902)
	at p.fire (/home/nvidia/.vscode-server/bin/660393deaaa6d1996740ff4880f1bad43768c814/out/vs/workbench/api/node/extensionHostProcess.js:60:2119)
	at i.acceptChunk (/home/nvidia/.vscode-server/bin/660393deaaa6d1996740ff4880f1bad43768c814/out/vs/workbench/api/node/extensionHostProcess.js:76:11705)
	at i.value (/home/nvidia/.vscode-server/bin/660393deaaa6d1996740ff4880f1bad43768c814/out/vs/workbench/api/node/extensionHostProcess.js:76:10992)
	at p.w (/home/nvidia/.vscode-server/bin/660393deaaa6d1996740ff4880f1bad43768c814/out/vs/workbench/api/node/extensionHostProcess.js:60:1902)
	at p.fire (/home/nvidia/.vscode-server/bin/660393deaaa6d1996740ff4880f1bad43768c814/out/vs/workbench/api/node/extensionHostProcess.js:60:2119)
	at p.u (/home/nvidia/.vscode-server/bin/660393deaaa6d1996740ff4880f1bad43768c814/out/vs/workbench/api/node/extensionHostProcess.js:128:19065) setContext undefined
2023-07-28 11:09:19.920 [error] Canceled: Canceled
	at new h (/home/nvidia/.vscode-server/bin/660393deaaa6d1996740ff4880f1bad43768c814/out/vs/workbench/api/node/extensionHostProcess.js:100:42413)
	at t.O (/home/nvidia/.vscode-server/bin/660393deaaa6d1996740ff4880f1bad43768c814/out/vs/workbench/api/node/extensionHostProcess.js:112:11236)
	at Proxy.U.<computed>.q.charCodeAt.U.<computed> (/home/nvidia/.vscode-server/bin/660393deaaa6d1996740ff4880f1bad43768c814/out/vs/workbench/api/node/extensionHostProcess.js:112:8675)
	at e.$vL.g (/home/nvidia/.vscode-server/bin/660393deaaa6d1996740ff4880f1bad43768c814/out/vs/workbench/api/node/extensionHostProcess.js:100:63549)
	at e.$vL.executeCommand (/home/nvidia/.vscode-server/bin/660393deaaa6d1996740ff4880f1bad43768c814/out/vs/workbench/api/node/extensionHostProcess.js:100:62973)
	at P.registerCommand.description (/home/nvidia/.vscode-server/bin/660393deaaa6d1996740ff4880f1bad43768c814/out/vs/workbench/api/node/extensionHostProcess.js:100:62280)
	at e.$vL.h (/home/nvidia/.vscode-server/bin/660393deaaa6d1996740ff4880f1bad43768c814/out/vs/workbench/api/node/extensionHostProcess.js:100:64085)
	at e.$vL.g (/home/nvidia/.vscode-server/bin/660393deaaa6d1996740ff4880f1bad43768c814/out/vs/workbench/api/node/extensionHostProcess.js:100:63073)
	at e.$vL.executeCommand (/home/nvidia/.vscode-server/bin/660393deaaa6d1996740ff4880f1bad43768c814/out/vs/workbench/api/node/extensionHostProcess.js:100:62973)
	at Object.executeCommand (/home/nvidia/.vscode-server/bin/660393deaaa6d1996740ff4880f1bad43768c814/out/vs/workbench/api/node/extensionHostProcess.js:118:20971)
	at i.D [as value] (/home/nvidia/.vscode-server/bin/660393deaaa6d1996740ff4880f1bad43768c814/extensions/git/dist/main.js:2:1260424)
	at p.w (/home/nvidia/.vscode-server/bin/660393deaaa6d1996740ff4880f1bad43768c814/out/vs/workbench/api/node/extensionHostProcess.js:60:1902)
	at p.x (/home/nvidia/.vscode-server/bin/660393deaaa6d1996740ff4880f1bad43768c814/out/vs/workbench/api/node/extensionHostProcess.js:60:1972)
	at p.fire (/home/nvidia/.vscode-server/bin/660393deaaa6d1996740ff4880f1bad43768c814/out/vs/workbench/api/node/extensionHostProcess.js:60:2188)
	at Object.f [as dispose] (/home/nvidia/.vscode-server/bin/660393deaaa6d1996740ff4880f1bad43768c814/extensions/git/dist/main.js:2:1275972)
	at /home/nvidia/.vscode-server/bin/660393deaaa6d1996740ff4880f1bad43768c814/extensions/git/dist/main.js:2:1280539
	at Array.forEach (<anonymous>)
	at g.dispose (/home/nvidia/.vscode-server/bin/660393deaaa6d1996740ff4880f1bad43768c814/extensions/git/dist/main.js:2:1280525)
	at o.<anonymous> (/home/nvidia/.vscode-server/bin/660393deaaa6d1996740ff4880f1bad43768c814/out/vs/workbench/api/node/extensionHostProcess.js:96:4162)
	at o.dispose (/home/nvidia/.vscode-server/bin/660393deaaa6d1996740ff4880f1bad43768c814/out/vs/workbench/api/node/extensionHostProcess.js:96:4297)
	at o.<anonymous> (/home/nvidia/.vscode-server/bin/660393deaaa6d1996740ff4880f1bad43768c814/extensions/git/dist/main.js:2:1262437)
	at o.dispose (/home/nvidia/.vscode-server/bin/660393deaaa6d1996740ff4880f1bad43768c814/out/vs/workbench/api/node/extensionHostProcess.js:96:4297)
	at D (/home/nvidia/.vscode-server/bin/660393deaaa6d1996740ff4880f1bad43768c814/out/vs/workbench/api/node/extensionHostProcess.js:10:11731)
	at i.Z (/home/nvidia/.vscode-server/bin/660393deaaa6d1996740ff4880f1bad43768c814/out/vs/workbench/api/node/extensionHostProcess.js:114:10370)
	at /home/nvidia/.vscode-server/bin/660393deaaa6d1996740ff4880f1bad43768c814/out/vs/workbench/api/node/extensionHostProcess.js:114:8332
	at Array.map (<anonymous>)
	at i.S (/home/nvidia/.vscode-server/bin/660393deaaa6d1996740ff4880f1bad43768c814/out/vs/workbench/api/node/extensionHostProcess.js:114:8319)
	at i.terminate (/home/nvidia/.vscode-server/bin/660393deaaa6d1996740ff4880f1bad43768c814/out/vs/workbench/api/node/extensionHostProcess.js:114:8591)
	at l.terminate (/home/nvidia/.vscode-server/bin/660393deaaa6d1996740ff4880f1bad43768c814/out/vs/workbench/api/node/extensionHostProcess.js:118:1532)
	at E (/home/nvidia/.vscode-server/bin/660393deaaa6d1996740ff4880f1bad43768c814/out/vs/workbench/api/node/extensionHostProcess.js:128:32236)
	at i.value (/home/nvidia/.vscode-server/bin/660393deaaa6d1996740ff4880f1bad43768c814/out/vs/workbench/api/node/extensionHostProcess.js:128:30287)
	at p.w (/home/nvidia/.vscode-server/bin/660393deaaa6d1996740ff4880f1bad43768c814/out/vs/workbench/api/node/extensionHostProcess.js:60:1902)
	at p.fire (/home/nvidia/.vscode-server/bin/660393deaaa6d1996740ff4880f1bad43768c814/out/vs/workbench/api/node/extensionHostProcess.js:60:2119)
	at fire (/home/nvidia/.vscode-server/bin/660393deaaa6d1996740ff4880f1bad43768c814/out/vs/workbench/api/node/extensionHostProcess.js:76:13931)
	at s.z (/home/nvidia/.vscode-server/bin/660393deaaa6d1996740ff4880f1bad43768c814/out/vs/workbench/api/node/extensionHostProcess.js:76:16976)
	at i.value (/home/nvidia/.vscode-server/bin/660393deaaa6d1996740ff4880f1bad43768c814/out/vs/workbench/api/node/extensionHostProcess.js:76:15428)
	at p.w (/home/nvidia/.vscode-server/bin/660393deaaa6d1996740ff4880f1bad43768c814/out/vs/workbench/api/node/extensionHostProcess.js:60:1902)
	at p.fire (/home/nvidia/.vscode-server/bin/660393deaaa6d1996740ff4880f1bad43768c814/out/vs/workbench/api/node/extensionHostProcess.js:60:2119)
	at i.acceptChunk (/home/nvidia/.vscode-server/bin/660393deaaa6d1996740ff4880f1bad43768c814/out/vs/workbench/api/node/extensionHostProcess.js:76:11705)
	at i.value (/home/nvidia/.vscode-server/bin/660393deaaa6d1996740ff4880f1bad43768c814/out/vs/workbench/api/node/extensionHostProcess.js:76:10992)
	at p.w (/home/nvidia/.vscode-server/bin/660393deaaa6d1996740ff4880f1bad43768c814/out/vs/workbench/api/node/extensionHostProcess.js:60:1902)
	at p.fire (/home/nvidia/.vscode-server/bin/660393deaaa6d1996740ff4880f1bad43768c814/out/vs/workbench/api/node/extensionHostProcess.js:60:2119)
	at p.u (/home/nvidia/.vscode-server/bin/660393deaaa6d1996740ff4880f1bad43768c814/out/vs/workbench/api/node/extensionHostProcess.js:128:19065) setContext undefined
2023-07-28 11:09:19.921 [error] Canceled: Canceled
	at new h (/home/nvidia/.vscode-server/bin/660393deaaa6d1996740ff4880f1bad43768c814/out/vs/workbench/api/node/extensionHostProcess.js:100:42413)
	at t.O (/home/nvidia/.vscode-server/bin/660393deaaa6d1996740ff4880f1bad43768c814/out/vs/workbench/api/node/extensionHostProcess.js:112:11236)
	at Proxy.U.<computed>.q.charCodeAt.U.<computed> (/home/nvidia/.vscode-server/bin/660393deaaa6d1996740ff4880f1bad43768c814/out/vs/workbench/api/node/extensionHostProcess.js:112:8675)
	at e.$vL.g (/home/nvidia/.vscode-server/bin/660393deaaa6d1996740ff4880f1bad43768c814/out/vs/workbench/api/node/extensionHostProcess.js:100:63549)
	at e.$vL.executeCommand (/home/nvidia/.vscode-server/bin/660393deaaa6d1996740ff4880f1bad43768c814/out/vs/workbench/api/node/extensionHostProcess.js:100:62973)
	at P.registerCommand.description (/home/nvidia/.vscode-server/bin/660393deaaa6d1996740ff4880f1bad43768c814/out/vs/workbench/api/node/extensionHostProcess.js:100:62280)
	at e.$vL.h (/home/nvidia/.vscode-server/bin/660393deaaa6d1996740ff4880f1bad43768c814/out/vs/workbench/api/node/extensionHostProcess.js:100:64085)
	at e.$vL.g (/home/nvidia/.vscode-server/bin/660393deaaa6d1996740ff4880f1bad43768c814/out/vs/workbench/api/node/extensionHostProcess.js:100:63073)
	at e.$vL.executeCommand (/home/nvidia/.vscode-server/bin/660393deaaa6d1996740ff4880f1bad43768c814/out/vs/workbench/api/node/extensionHostProcess.js:100:62973)
	at Object.executeCommand (/home/nvidia/.vscode-server/bin/660393deaaa6d1996740ff4880f1bad43768c814/out/vs/workbench/api/node/extensionHostProcess.js:118:20971)
	at i.D [as value] (/home/nvidia/.vscode-server/bin/660393deaaa6d1996740ff4880f1bad43768c814/extensions/git/dist/main.js:2:1260424)
	at p.w (/home/nvidia/.vscode-server/bin/660393deaaa6d1996740ff4880f1bad43768c814/out/vs/workbench/api/node/extensionHostProcess.js:60:1902)
	at p.x (/home/nvidia/.vscode-server/bin/660393deaaa6d1996740ff4880f1bad43768c814/out/vs/workbench/api/node/extensionHostProcess.js:60:1972)
	at p.fire (/home/nvidia/.vscode-server/bin/660393deaaa6d1996740ff4880f1bad43768c814/out/vs/workbench/api/node/extensionHostProcess.js:60:2188)
	at Object.f [as dispose] (/home/nvidia/.vscode-server/bin/660393deaaa6d1996740ff4880f1bad43768c814/extensions/git/dist/main.js:2:1275972)
	at /home/nvidia/.vscode-server/bin/660393deaaa6d1996740ff4880f1bad43768c814/extensions/git/dist/main.js:2:1280539
	at Array.forEach (<anonymous>)
	at g.dispose (/home/nvidia/.vscode-server/bin/660393deaaa6d1996740ff4880f1bad43768c814/extensions/git/dist/main.js:2:1280525)
	at o.<anonymous> (/home/nvidia/.vscode-server/bin/660393deaaa6d1996740ff4880f1bad43768c814/out/vs/workbench/api/node/extensionHostProcess.js:96:4162)
	at o.dispose (/home/nvidia/.vscode-server/bin/660393deaaa6d1996740ff4880f1bad43768c814/out/vs/workbench/api/node/extensionHostProcess.js:96:4297)
	at o.<anonymous> (/home/nvidia/.vscode-server/bin/660393deaaa6d1996740ff4880f1bad43768c814/extensions/git/dist/main.js:2:1262437)
	at o.dispose (/home/nvidia/.vscode-server/bin/660393deaaa6d1996740ff4880f1bad43768c814/out/vs/workbench/api/node/extensionHostProcess.js:96:4297)
	at D (/home/nvidia/.vscode-server/bin/660393deaaa6d1996740ff4880f1bad43768c814/out/vs/workbench/api/node/extensionHostProcess.js:10:11731)
	at i.Z (/home/nvidia/.vscode-server/bin/660393deaaa6d1996740ff4880f1bad43768c814/out/vs/workbench/api/node/extensionHostProcess.js:114:10370)
	at /home/nvidia/.vscode-server/bin/660393deaaa6d1996740ff4880f1bad43768c814/out/vs/workbench/api/node/extensionHostProcess.js:114:8332
	at Array.map (<anonymous>)
	at i.S (/home/nvidia/.vscode-server/bin/660393deaaa6d1996740ff4880f1bad43768c814/out/vs/workbench/api/node/extensionHostProcess.js:114:8319)
	at i.terminate (/home/nvidia/.vscode-server/bin/660393deaaa6d1996740ff4880f1bad43768c814/out/vs/workbench/api/node/extensionHostProcess.js:114:8591)
	at l.terminate (/home/nvidia/.vscode-server/bin/660393deaaa6d1996740ff4880f1bad43768c814/out/vs/workbench/api/node/extensionHostProcess.js:118:1532)
	at E (/home/nvidia/.vscode-server/bin/660393deaaa6d1996740ff4880f1bad43768c814/out/vs/workbench/api/node/extensionHostProcess.js:128:32236)
	at i.value (/home/nvidia/.vscode-server/bin/660393deaaa6d1996740ff4880f1bad43768c814/out/vs/workbench/api/node/extensionHostProcess.js:128:30287)
	at p.w (/home/nvidia/.vscode-server/bin/660393deaaa6d1996740ff4880f1bad43768c814/out/vs/workbench/api/node/extensionHostProcess.js:60:1902)
	at p.fire (/home/nvidia/.vscode-server/bin/660393deaaa6d1996740ff4880f1bad43768c814/out/vs/workbench/api/node/extensionHostProcess.js:60:2119)
	at fire (/home/nvidia/.vscode-server/bin/660393deaaa6d1996740ff4880f1bad43768c814/out/vs/workbench/api/node/extensionHostProcess.js:76:13931)
	at s.z (/home/nvidia/.vscode-server/bin/660393deaaa6d1996740ff4880f1bad43768c814/out/vs/workbench/api/node/extensionHostProcess.js:76:16976)
	at i.value (/home/nvidia/.vscode-server/bin/660393deaaa6d1996740ff4880f1bad43768c814/out/vs/workbench/api/node/extensionHostProcess.js:76:15428)
	at p.w (/home/nvidia/.vscode-server/bin/660393deaaa6d1996740ff4880f1bad43768c814/out/vs/workbench/api/node/extensionHostProcess.js:60:1902)
	at p.fire (/home/nvidia/.vscode-server/bin/660393deaaa6d1996740ff4880f1bad43768c814/out/vs/workbench/api/node/extensionHostProcess.js:60:2119)
	at i.acceptChunk (/home/nvidia/.vscode-server/bin/660393deaaa6d1996740ff4880f1bad43768c814/out/vs/workbench/api/node/extensionHostProcess.js:76:11705)
	at i.value (/home/nvidia/.vscode-server/bin/660393deaaa6d1996740ff4880f1bad43768c814/out/vs/workbench/api/node/extensionHostProcess.js:76:10992)
	at p.w (/home/nvidia/.vscode-server/bin/660393deaaa6d1996740ff4880f1bad43768c814/out/vs/workbench/api/node/extensionHostProcess.js:60:1902)
	at p.fire (/home/nvidia/.vscode-server/bin/660393deaaa6d1996740ff4880f1bad43768c814/out/vs/workbench/api/node/extensionHostProcess.js:60:2119)
	at p.u (/home/nvidia/.vscode-server/bin/660393deaaa6d1996740ff4880f1bad43768c814/out/vs/workbench/api/node/extensionHostProcess.js:128:19065) setContext undefined
2023-07-28 11:09:19.921 [error] Canceled: Canceled
	at new h (/home/nvidia/.vscode-server/bin/660393deaaa6d1996740ff4880f1bad43768c814/out/vs/workbench/api/node/extensionHostProcess.js:100:42413)
	at t.O (/home/nvidia/.vscode-server/bin/660393deaaa6d1996740ff4880f1bad43768c814/out/vs/workbench/api/node/extensionHostProcess.js:112:11236)
	at Proxy.U.<computed>.q.charCodeAt.U.<computed> (/home/nvidia/.vscode-server/bin/660393deaaa6d1996740ff4880f1bad43768c814/out/vs/workbench/api/node/extensionHostProcess.js:112:8675)
	at e.$vL.g (/home/nvidia/.vscode-server/bin/660393deaaa6d1996740ff4880f1bad43768c814/out/vs/workbench/api/node/extensionHostProcess.js:100:63549)
	at e.$vL.executeCommand (/home/nvidia/.vscode-server/bin/660393deaaa6d1996740ff4880f1bad43768c814/out/vs/workbench/api/node/extensionHostProcess.js:100:62973)
	at P.registerCommand.description (/home/nvidia/.vscode-server/bin/660393deaaa6d1996740ff4880f1bad43768c814/out/vs/workbench/api/node/extensionHostProcess.js:100:62280)
	at e.$vL.h (/home/nvidia/.vscode-server/bin/660393deaaa6d1996740ff4880f1bad43768c814/out/vs/workbench/api/node/extensionHostProcess.js:100:64085)
	at e.$vL.g (/home/nvidia/.vscode-server/bin/660393deaaa6d1996740ff4880f1bad43768c814/out/vs/workbench/api/node/extensionHostProcess.js:100:63073)
	at e.$vL.executeCommand (/home/nvidia/.vscode-server/bin/660393deaaa6d1996740ff4880f1bad43768c814/out/vs/workbench/api/node/extensionHostProcess.js:100:62973)
	at Object.executeCommand (/home/nvidia/.vscode-server/bin/660393deaaa6d1996740ff4880f1bad43768c814/out/vs/workbench/api/node/extensionHostProcess.js:118:20971)
	at i.D [as value] (/home/nvidia/.vscode-server/bin/660393deaaa6d1996740ff4880f1bad43768c814/extensions/git/dist/main.js:2:1260424)
	at p.w (/home/nvidia/.vscode-server/bin/660393deaaa6d1996740ff4880f1bad43768c814/out/vs/workbench/api/node/extensionHostProcess.js:60:1902)
	at p.x (/home/nvidia/.vscode-server/bin/660393deaaa6d1996740ff4880f1bad43768c814/out/vs/workbench/api/node/extensionHostProcess.js:60:1972)
	at p.fire (/home/nvidia/.vscode-server/bin/660393deaaa6d1996740ff4880f1bad43768c814/out/vs/workbench/api/node/extensionHostProcess.js:60:2188)
	at Object.f [as dispose] (/home/nvidia/.vscode-server/bin/660393deaaa6d1996740ff4880f1bad43768c814/extensions/git/dist/main.js:2:1275972)
	at /home/nvidia/.vscode-server/bin/660393deaaa6d1996740ff4880f1bad43768c814/extensions/git/dist/main.js:2:1280539
	at Array.forEach (<anonymous>)
	at g.dispose (/home/nvidia/.vscode-server/bin/660393deaaa6d1996740ff4880f1bad43768c814/extensions/git/dist/main.js:2:1280525)
	at o.<anonymous> (/home/nvidia/.vscode-server/bin/660393deaaa6d1996740ff4880f1bad43768c814/out/vs/workbench/api/node/extensionHostProcess.js:96:4162)
	at o.dispose (/home/nvidia/.vscode-server/bin/660393deaaa6d1996740ff4880f1bad43768c814/out/vs/workbench/api/node/extensionHostProcess.js:96:4297)
	at o.<anonymous> (/home/nvidia/.vscode-server/bin/660393deaaa6d1996740ff4880f1bad43768c814/extensions/git/dist/main.js:2:1262437)
	at o.dispose (/home/nvidia/.vscode-server/bin/660393deaaa6d1996740ff4880f1bad43768c814/out/vs/workbench/api/node/extensionHostProcess.js:96:4297)
	at D (/home/nvidia/.vscode-server/bin/660393deaaa6d1996740ff4880f1bad43768c814/out/vs/workbench/api/node/extensionHostProcess.js:10:11731)
	at i.Z (/home/nvidia/.vscode-server/bin/660393deaaa6d1996740ff4880f1bad43768c814/out/vs/workbench/api/node/extensionHostProcess.js:114:10370)
	at /home/nvidia/.vscode-server/bin/660393deaaa6d1996740ff4880f1bad43768c814/out/vs/workbench/api/node/extensionHostProcess.js:114:8332
	at Array.map (<anonymous>)
	at i.S (/home/nvidia/.vscode-server/bin/660393deaaa6d1996740ff4880f1bad43768c814/out/vs/workbench/api/node/extensionHostProcess.js:114:8319)
	at i.terminate (/home/nvidia/.vscode-server/bin/660393deaaa6d1996740ff4880f1bad43768c814/out/vs/workbench/api/node/extensionHostProcess.js:114:8591)
	at l.terminate (/home/nvidia/.vscode-server/bin/660393deaaa6d1996740ff4880f1bad43768c814/out/vs/workbench/api/node/extensionHostProcess.js:118:1532)
	at E (/home/nvidia/.vscode-server/bin/660393deaaa6d1996740ff4880f1bad43768c814/out/vs/workbench/api/node/extensionHostProcess.js:128:32236)
	at i.value (/home/nvidia/.vscode-server/bin/660393deaaa6d1996740ff4880f1bad43768c814/out/vs/workbench/api/node/extensionHostProcess.js:128:30287)
	at p.w (/home/nvidia/.vscode-server/bin/660393deaaa6d1996740ff4880f1bad43768c814/out/vs/workbench/api/node/extensionHostProcess.js:60:1902)
	at p.fire (/home/nvidia/.vscode-server/bin/660393deaaa6d1996740ff4880f1bad43768c814/out/vs/workbench/api/node/extensionHostProcess.js:60:2119)
	at fire (/home/nvidia/.vscode-server/bin/660393deaaa6d1996740ff4880f1bad43768c814/out/vs/workbench/api/node/extensionHostProcess.js:76:13931)
	at s.z (/home/nvidia/.vscode-server/bin/660393deaaa6d1996740ff4880f1bad43768c814/out/vs/workbench/api/node/extensionHostProcess.js:76:16976)
	at i.value (/home/nvidia/.vscode-server/bin/660393deaaa6d1996740ff4880f1bad43768c814/out/vs/workbench/api/node/extensionHostProcess.js:76:15428)
	at p.w (/home/nvidia/.vscode-server/bin/660393deaaa6d1996740ff4880f1bad43768c814/out/vs/workbench/api/node/extensionHostProcess.js:60:1902)
	at p.fire (/home/nvidia/.vscode-server/bin/660393deaaa6d1996740ff4880f1bad43768c814/out/vs/workbench/api/node/extensionHostProcess.js:60:2119)
	at i.acceptChunk (/home/nvidia/.vscode-server/bin/660393deaaa6d1996740ff4880f1bad43768c814/out/vs/workbench/api/node/extensionHostProcess.js:76:11705)
	at i.value (/home/nvidia/.vscode-server/bin/660393deaaa6d1996740ff4880f1bad43768c814/out/vs/workbench/api/node/extensionHostProcess.js:76:10992)
	at p.w (/home/nvidia/.vscode-server/bin/660393deaaa6d1996740ff4880f1bad43768c814/out/vs/workbench/api/node/extensionHostProcess.js:60:1902)
	at p.fire (/home/nvidia/.vscode-server/bin/660393deaaa6d1996740ff4880f1bad43768c814/out/vs/workbench/api/node/extensionHostProcess.js:60:2119)
	at p.u (/home/nvidia/.vscode-server/bin/660393deaaa6d1996740ff4880f1bad43768c814/out/vs/workbench/api/node/extensionHostProcess.js:128:19065) setContext undefined
2023-07-28 11:09:19.922 [error] Canceled: Canceled
	at new h (/home/nvidia/.vscode-server/bin/660393deaaa6d1996740ff4880f1bad43768c814/out/vs/workbench/api/node/extensionHostProcess.js:100:42413)
	at t.O (/home/nvidia/.vscode-server/bin/660393deaaa6d1996740ff4880f1bad43768c814/out/vs/workbench/api/node/extensionHostProcess.js:112:11236)
	at Proxy.U.<computed>.q.charCodeAt.U.<computed> (/home/nvidia/.vscode-server/bin/660393deaaa6d1996740ff4880f1bad43768c814/out/vs/workbench/api/node/extensionHostProcess.js:112:8675)
	at e.$vL.g (/home/nvidia/.vscode-server/bin/660393deaaa6d1996740ff4880f1bad43768c814/out/vs/workbench/api/node/extensionHostProcess.js:100:63549)
	at e.$vL.executeCommand (/home/nvidia/.vscode-server/bin/660393deaaa6d1996740ff4880f1bad43768c814/out/vs/workbench/api/node/extensionHostProcess.js:100:62973)
	at P.registerCommand.description (/home/nvidia/.vscode-server/bin/660393deaaa6d1996740ff4880f1bad43768c814/out/vs/workbench/api/node/extensionHostProcess.js:100:62280)
	at e.$vL.h (/home/nvidia/.vscode-server/bin/660393deaaa6d1996740ff4880f1bad43768c814/out/vs/workbench/api/node/extensionHostProcess.js:100:64085)
	at e.$vL.g (/home/nvidia/.vscode-server/bin/660393deaaa6d1996740ff4880f1bad43768c814/out/vs/workbench/api/node/extensionHostProcess.js:100:63073)
	at e.$vL.executeCommand (/home/nvidia/.vscode-server/bin/660393deaaa6d1996740ff4880f1bad43768c814/out/vs/workbench/api/node/extensionHostProcess.js:100:62973)
	at Object.executeCommand (/home/nvidia/.vscode-server/bin/660393deaaa6d1996740ff4880f1bad43768c814/out/vs/workbench/api/node/extensionHostProcess.js:118:20971)
	at i.D [as value] (/home/nvidia/.vscode-server/bin/660393deaaa6d1996740ff4880f1bad43768c814/extensions/git/dist/main.js:2:1260424)
	at p.w (/home/nvidia/.vscode-server/bin/660393deaaa6d1996740ff4880f1bad43768c814/out/vs/workbench/api/node/extensionHostProcess.js:60:1902)
	at p.x (/home/nvidia/.vscode-server/bin/660393deaaa6d1996740ff4880f1bad43768c814/out/vs/workbench/api/node/extensionHostProcess.js:60:1972)
	at p.fire (/home/nvidia/.vscode-server/bin/660393deaaa6d1996740ff4880f1bad43768c814/out/vs/workbench/api/node/extensionHostProcess.js:60:2188)
	at Object.f [as dispose] (/home/nvidia/.vscode-server/bin/660393deaaa6d1996740ff4880f1bad43768c814/extensions/git/dist/main.js:2:1275972)
	at /home/nvidia/.vscode-server/bin/660393deaaa6d1996740ff4880f1bad43768c814/extensions/git/dist/main.js:2:1280539
	at Array.forEach (<anonymous>)
	at g.dispose (/home/nvidia/.vscode-server/bin/660393deaaa6d1996740ff4880f1bad43768c814/extensions/git/dist/main.js:2:1280525)
	at o.<anonymous> (/home/nvidia/.vscode-server/bin/660393deaaa6d1996740ff4880f1bad43768c814/out/vs/workbench/api/node/extensionHostProcess.js:96:4162)
	at o.dispose (/home/nvidia/.vscode-server/bin/660393deaaa6d1996740ff4880f1bad43768c814/out/vs/workbench/api/node/extensionHostProcess.js:96:4297)
	at o.<anonymous> (/home/nvidia/.vscode-server/bin/660393deaaa6d1996740ff4880f1bad43768c814/extensions/git/dist/main.js:2:1262437)
	at o.dispose (/home/nvidia/.vscode-server/bin/660393deaaa6d1996740ff4880f1bad43768c814/out/vs/workbench/api/node/extensionHostProcess.js:96:4297)
	at D (/home/nvidia/.vscode-server/bin/660393deaaa6d1996740ff4880f1bad43768c814/out/vs/workbench/api/node/extensionHostProcess.js:10:11731)
	at i.Z (/home/nvidia/.vscode-server/bin/660393deaaa6d1996740ff4880f1bad43768c814/out/vs/workbench/api/node/extensionHostProcess.js:114:10370)
	at /home/nvidia/.vscode-server/bin/660393deaaa6d1996740ff4880f1bad43768c814/out/vs/workbench/api/node/extensionHostProcess.js:114:8332
	at Array.map (<anonymous>)
	at i.S (/home/nvidia/.vscode-server/bin/660393deaaa6d1996740ff4880f1bad43768c814/out/vs/workbench/api/node/extensionHostProcess.js:114:8319)
	at i.terminate (/home/nvidia/.vscode-server/bin/660393deaaa6d1996740ff4880f1bad43768c814/out/vs/workbench/api/node/extensionHostProcess.js:114:8591)
	at l.terminate (/home/nvidia/.vscode-server/bin/660393deaaa6d1996740ff4880f1bad43768c814/out/vs/workbench/api/node/extensionHostProcess.js:118:1532)
	at E (/home/nvidia/.vscode-server/bin/660393deaaa6d1996740ff4880f1bad43768c814/out/vs/workbench/api/node/extensionHostProcess.js:128:32236)
	at i.value (/home/nvidia/.vscode-server/bin/660393deaaa6d1996740ff4880f1bad43768c814/out/vs/workbench/api/node/extensionHostProcess.js:128:30287)
	at p.w (/home/nvidia/.vscode-server/bin/660393deaaa6d1996740ff4880f1bad43768c814/out/vs/workbench/api/node/extensionHostProcess.js:60:1902)
	at p.fire (/home/nvidia/.vscode-server/bin/660393deaaa6d1996740ff4880f1bad43768c814/out/vs/workbench/api/node/extensionHostProcess.js:60:2119)
	at fire (/home/nvidia/.vscode-server/bin/660393deaaa6d1996740ff4880f1bad43768c814/out/vs/workbench/api/node/extensionHostProcess.js:76:13931)
	at s.z (/home/nvidia/.vscode-server/bin/660393deaaa6d1996740ff4880f1bad43768c814/out/vs/workbench/api/node/extensionHostProcess.js:76:16976)
	at i.value (/home/nvidia/.vscode-server/bin/660393deaaa6d1996740ff4880f1bad43768c814/out/vs/workbench/api/node/extensionHostProcess.js:76:15428)
	at p.w (/home/nvidia/.vscode-server/bin/660393deaaa6d1996740ff4880f1bad43768c814/out/vs/workbench/api/node/extensionHostProcess.js:60:1902)
	at p.fire (/home/nvidia/.vscode-server/bin/660393deaaa6d1996740ff4880f1bad43768c814/out/vs/workbench/api/node/extensionHostProcess.js:60:2119)
	at i.acceptChunk (/home/nvidia/.vscode-server/bin/660393deaaa6d1996740ff4880f1bad43768c814/out/vs/workbench/api/node/extensionHostProcess.js:76:11705)
	at i.value (/home/nvidia/.vscode-server/bin/660393deaaa6d1996740ff4880f1bad43768c814/out/vs/workbench/api/node/extensionHostProcess.js:76:10992)
	at p.w (/home/nvidia/.vscode-server/bin/660393deaaa6d1996740ff4880f1bad43768c814/out/vs/workbench/api/node/extensionHostProcess.js:60:1902)
	at p.fire (/home/nvidia/.vscode-server/bin/660393deaaa6d1996740ff4880f1bad43768c814/out/vs/workbench/api/node/extensionHostProcess.js:60:2119)
	at p.u (/home/nvidia/.vscode-server/bin/660393deaaa6d1996740ff4880f1bad43768c814/out/vs/workbench/api/node/extensionHostProcess.js:128:19065) setContext undefined
2023-07-28 11:09:19.922 [error] Canceled: Canceled
	at new h (/home/nvidia/.vscode-server/bin/660393deaaa6d1996740ff4880f1bad43768c814/out/vs/workbench/api/node/extensionHostProcess.js:100:42413)
	at t.O (/home/nvidia/.vscode-server/bin/660393deaaa6d1996740ff4880f1bad43768c814/out/vs/workbench/api/node/extensionHostProcess.js:112:11236)
	at Proxy.U.<computed>.q.charCodeAt.U.<computed> (/home/nvidia/.vscode-server/bin/660393deaaa6d1996740ff4880f1bad43768c814/out/vs/workbench/api/node/extensionHostProcess.js:112:8675)
	at e.$vL.g (/home/nvidia/.vscode-server/bin/660393deaaa6d1996740ff4880f1bad43768c814/out/vs/workbench/api/node/extensionHostProcess.js:100:63549)
	at e.$vL.executeCommand (/home/nvidia/.vscode-server/bin/660393deaaa6d1996740ff4880f1bad43768c814/out/vs/workbench/api/node/extensionHostProcess.js:100:62973)
	at P.registerCommand.description (/home/nvidia/.vscode-server/bin/660393deaaa6d1996740ff4880f1bad43768c814/out/vs/workbench/api/node/extensionHostProcess.js:100:62280)
	at e.$vL.h (/home/nvidia/.vscode-server/bin/660393deaaa6d1996740ff4880f1bad43768c814/out/vs/workbench/api/node/extensionHostProcess.js:100:64085)
	at e.$vL.g (/home/nvidia/.vscode-server/bin/660393deaaa6d1996740ff4880f1bad43768c814/out/vs/workbench/api/node/extensionHostProcess.js:100:63073)
	at e.$vL.executeCommand (/home/nvidia/.vscode-server/bin/660393deaaa6d1996740ff4880f1bad43768c814/out/vs/workbench/api/node/extensionHostProcess.js:100:62973)
	at Object.executeCommand (/home/nvidia/.vscode-server/bin/660393deaaa6d1996740ff4880f1bad43768c814/out/vs/workbench/api/node/extensionHostProcess.js:118:20971)
	at i.D [as value] (/home/nvidia/.vscode-server/bin/660393deaaa6d1996740ff4880f1bad43768c814/extensions/git/dist/main.js:2:1260424)
	at p.w (/home/nvidia/.vscode-server/bin/660393deaaa6d1996740ff4880f1bad43768c814/out/vs/workbench/api/node/extensionHostProcess.js:60:1902)
	at p.x (/home/nvidia/.vscode-server/bin/660393deaaa6d1996740ff4880f1bad43768c814/out/vs/workbench/api/node/extensionHostProcess.js:60:1972)
	at p.fire (/home/nvidia/.vscode-server/bin/660393deaaa6d1996740ff4880f1bad43768c814/out/vs/workbench/api/node/extensionHostProcess.js:60:2188)
	at Object.f [as dispose] (/home/nvidia/.vscode-server/bin/660393deaaa6d1996740ff4880f1bad43768c814/extensions/git/dist/main.js:2:1275972)
	at /home/nvidia/.vscode-server/bin/660393deaaa6d1996740ff4880f1bad43768c814/extensions/git/dist/main.js:2:1280539
	at Array.forEach (<anonymous>)
	at g.dispose (/home/nvidia/.vscode-server/bin/660393deaaa6d1996740ff4880f1bad43768c814/extensions/git/dist/main.js:2:1280525)
	at o.<anonymous> (/home/nvidia/.vscode-server/bin/660393deaaa6d1996740ff4880f1bad43768c814/out/vs/workbench/api/node/extensionHostProcess.js:96:4162)
	at o.dispose (/home/nvidia/.vscode-server/bin/660393deaaa6d1996740ff4880f1bad43768c814/out/vs/workbench/api/node/extensionHostProcess.js:96:4297)
	at o.<anonymous> (/home/nvidia/.vscode-server/bin/660393deaaa6d1996740ff4880f1bad43768c814/extensions/git/dist/main.js:2:1262437)
	at o.dispose (/home/nvidia/.vscode-server/bin/660393deaaa6d1996740ff4880f1bad43768c814/out/vs/workbench/api/node/extensionHostProcess.js:96:4297)
	at D (/home/nvidia/.vscode-server/bin/660393deaaa6d1996740ff4880f1bad43768c814/out/vs/workbench/api/node/extensionHostProcess.js:10:11731)
	at i.Z (/home/nvidia/.vscode-server/bin/660393deaaa6d1996740ff4880f1bad43768c814/out/vs/workbench/api/node/extensionHostProcess.js:114:10370)
	at /home/nvidia/.vscode-server/bin/660393deaaa6d1996740ff4880f1bad43768c814/out/vs/workbench/api/node/extensionHostProcess.js:114:8332
	at Array.map (<anonymous>)
	at i.S (/home/nvidia/.vscode-server/bin/660393deaaa6d1996740ff4880f1bad43768c814/out/vs/workbench/api/node/extensionHostProcess.js:114:8319)
	at i.terminate (/home/nvidia/.vscode-server/bin/660393deaaa6d1996740ff4880f1bad43768c814/out/vs/workbench/api/node/extensionHostProcess.js:114:8591)
	at l.terminate (/home/nvidia/.vscode-server/bin/660393deaaa6d1996740ff4880f1bad43768c814/out/vs/workbench/api/node/extensionHostProcess.js:118:1532)
	at E (/home/nvidia/.vscode-server/bin/660393deaaa6d1996740ff4880f1bad43768c814/out/vs/workbench/api/node/extensionHostProcess.js:128:32236)
	at i.value (/home/nvidia/.vscode-server/bin/660393deaaa6d1996740ff4880f1bad43768c814/out/vs/workbench/api/node/extensionHostProcess.js:128:30287)
	at p.w (/home/nvidia/.vscode-server/bin/660393deaaa6d1996740ff4880f1bad43768c814/out/vs/workbench/api/node/extensionHostProcess.js:60:1902)
	at p.fire (/home/nvidia/.vscode-server/bin/660393deaaa6d1996740ff4880f1bad43768c814/out/vs/workbench/api/node/extensionHostProcess.js:60:2119)
	at fire (/home/nvidia/.vscode-server/bin/660393deaaa6d1996740ff4880f1bad43768c814/out/vs/workbench/api/node/extensionHostProcess.js:76:13931)
	at s.z (/home/nvidia/.vscode-server/bin/660393deaaa6d1996740ff4880f1bad43768c814/out/vs/workbench/api/node/extensionHostProcess.js:76:16976)
	at i.value (/home/nvidia/.vscode-server/bin/660393deaaa6d1996740ff4880f1bad43768c814/out/vs/workbench/api/node/extensionHostProcess.js:76:15428)
	at p.w (/home/nvidia/.vscode-server/bin/660393deaaa6d1996740ff4880f1bad43768c814/out/vs/workbench/api/node/extensionHostProcess.js:60:1902)
	at p.fire (/home/nvidia/.vscode-server/bin/660393deaaa6d1996740ff4880f1bad43768c814/out/vs/workbench/api/node/extensionHostProcess.js:60:2119)
	at i.acceptChunk (/home/nvidia/.vscode-server/bin/660393deaaa6d1996740ff4880f1bad43768c814/out/vs/workbench/api/node/extensionHostProcess.js:76:11705)
	at i.value (/home/nvidia/.vscode-server/bin/660393deaaa6d1996740ff4880f1bad43768c814/out/vs/workbench/api/node/extensionHostProcess.js:76:10992)
	at p.w (/home/nvidia/.vscode-server/bin/660393deaaa6d1996740ff4880f1bad43768c814/out/vs/workbench/api/node/extensionHostProcess.js:60:1902)
	at p.fire (/home/nvidia/.vscode-server/bin/660393deaaa6d1996740ff4880f1bad43768c814/out/vs/workbench/api/node/extensionHostProcess.js:60:2119)
	at p.u (/home/nvidia/.vscode-server/bin/660393deaaa6d1996740ff4880f1bad43768c814/out/vs/workbench/api/node/extensionHostProcess.js:128:19065) setContext undefined
2023-07-28 11:09:19.927 [error] Canceled: Canceled
	at new h (/home/nvidia/.vscode-server/bin/660393deaaa6d1996740ff4880f1bad43768c814/out/vs/workbench/api/node/extensionHostProcess.js:100:42413)
	at t.O (/home/nvidia/.vscode-server/bin/660393deaaa6d1996740ff4880f1bad43768c814/out/vs/workbench/api/node/extensionHostProcess.js:112:11236)
	at Proxy.U.<computed>.q.charCodeAt.U.<computed> (/home/nvidia/.vscode-server/bin/660393deaaa6d1996740ff4880f1bad43768c814/out/vs/workbench/api/node/extensionHostProcess.js:112:8675)
	at e.$vL.g (/home/nvidia/.vscode-server/bin/660393deaaa6d1996740ff4880f1bad43768c814/out/vs/workbench/api/node/extensionHostProcess.js:100:63549)
	at e.$vL.executeCommand (/home/nvidia/.vscode-server/bin/660393deaaa6d1996740ff4880f1bad43768c814/out/vs/workbench/api/node/extensionHostProcess.js:100:62973)
	at P.registerCommand.description (/home/nvidia/.vscode-server/bin/660393deaaa6d1996740ff4880f1bad43768c814/out/vs/workbench/api/node/extensionHostProcess.js:100:62280)
	at e.$vL.h (/home/nvidia/.vscode-server/bin/660393deaaa6d1996740ff4880f1bad43768c814/out/vs/workbench/api/node/extensionHostProcess.js:100:64085)
	at e.$vL.g (/home/nvidia/.vscode-server/bin/660393deaaa6d1996740ff4880f1bad43768c814/out/vs/workbench/api/node/extensionHostProcess.js:100:63073)
	at e.$vL.executeCommand (/home/nvidia/.vscode-server/bin/660393deaaa6d1996740ff4880f1bad43768c814/out/vs/workbench/api/node/extensionHostProcess.js:100:62973)
	at Object.executeCommand (/home/nvidia/.vscode-server/bin/660393deaaa6d1996740ff4880f1bad43768c814/out/vs/workbench/api/node/extensionHostProcess.js:118:20971)
	at t.$Ze.set b [as b] (/home/nvidia/.vscode-server/bin/660393deaaa6d1996740ff4880f1bad43768c814/extensions/github/dist/extension.js:2:675669)
	at /home/nvidia/.vscode-server/bin/660393deaaa6d1996740ff4880f1bad43768c814/extensions/github/dist/extension.js:2:676313
	at i.value (/home/nvidia/.vscode-server/bin/660393deaaa6d1996740ff4880f1bad43768c814/extensions/git/dist/main.js:2:1347255)
	at p.w (/home/nvidia/.vscode-server/bin/660393deaaa6d1996740ff4880f1bad43768c814/out/vs/workbench/api/node/extensionHostProcess.js:60:1902)
	at p.x (/home/nvidia/.vscode-server/bin/660393deaaa6d1996740ff4880f1bad43768c814/out/vs/workbench/api/node/extensionHostProcess.js:60:1972)
	at p.fire (/home/nvidia/.vscode-server/bin/660393deaaa6d1996740ff4880f1bad43768c814/out/vs/workbench/api/node/extensionHostProcess.js:60:2188)
	at Object.f [as dispose] (/home/nvidia/.vscode-server/bin/660393deaaa6d1996740ff4880f1bad43768c814/extensions/git/dist/main.js:2:1275972)
	at /home/nvidia/.vscode-server/bin/660393deaaa6d1996740ff4880f1bad43768c814/extensions/git/dist/main.js:2:1280539
	at Array.forEach (<anonymous>)
	at g.dispose (/home/nvidia/.vscode-server/bin/660393deaaa6d1996740ff4880f1bad43768c814/extensions/git/dist/main.js:2:1280525)
	at o.<anonymous> (/home/nvidia/.vscode-server/bin/660393deaaa6d1996740ff4880f1bad43768c814/out/vs/workbench/api/node/extensionHostProcess.js:96:4162)
	at o.dispose (/home/nvidia/.vscode-server/bin/660393deaaa6d1996740ff4880f1bad43768c814/out/vs/workbench/api/node/extensionHostProcess.js:96:4297)
	at o.<anonymous> (/home/nvidia/.vscode-server/bin/660393deaaa6d1996740ff4880f1bad43768c814/extensions/git/dist/main.js:2:1262437)
	at o.dispose (/home/nvidia/.vscode-server/bin/660393deaaa6d1996740ff4880f1bad43768c814/out/vs/workbench/api/node/extensionHostProcess.js:96:4297)
	at D (/home/nvidia/.vscode-server/bin/660393deaaa6d1996740ff4880f1bad43768c814/out/vs/workbench/api/node/extensionHostProcess.js:10:11731)
	at i.Z (/home/nvidia/.vscode-server/bin/660393deaaa6d1996740ff4880f1bad43768c814/out/vs/workbench/api/node/extensionHostProcess.js:114:10370)
	at /home/nvidia/.vscode-server/bin/660393deaaa6d1996740ff4880f1bad43768c814/out/vs/workbench/api/node/extensionHostProcess.js:114:8332
	at Array.map (<anonymous>)
	at i.S (/home/nvidia/.vscode-server/bin/660393deaaa6d1996740ff4880f1bad43768c814/out/vs/workbench/api/node/extensionHostProcess.js:114:8319)
	at i.terminate (/home/nvidia/.vscode-server/bin/660393deaaa6d1996740ff4880f1bad43768c814/out/vs/workbench/api/node/extensionHostProcess.js:114:8591)
	at l.terminate (/home/nvidia/.vscode-server/bin/660393deaaa6d1996740ff4880f1bad43768c814/out/vs/workbench/api/node/extensionHostProcess.js:118:1532)
	at E (/home/nvidia/.vscode-server/bin/660393deaaa6d1996740ff4880f1bad43768c814/out/vs/workbench/api/node/extensionHostProcess.js:128:32236)
	at i.value (/home/nvidia/.vscode-server/bin/660393deaaa6d1996740ff4880f1bad43768c814/out/vs/workbench/api/node/extensionHostProcess.js:128:30287)
	at p.w (/home/nvidia/.vscode-server/bin/660393deaaa6d1996740ff4880f1bad43768c814/out/vs/workbench/api/node/extensionHostProcess.js:60:1902)
	at p.fire (/home/nvidia/.vscode-server/bin/660393deaaa6d1996740ff4880f1bad43768c814/out/vs/workbench/api/node/extensionHostProcess.js:60:2119)
	at fire (/home/nvidia/.vscode-server/bin/660393deaaa6d1996740ff4880f1bad43768c814/out/vs/workbench/api/node/extensionHostProcess.js:76:13931)
	at s.z (/home/nvidia/.vscode-server/bin/660393deaaa6d1996740ff4880f1bad43768c814/out/vs/workbench/api/node/extensionHostProcess.js:76:16976)
	at i.value (/home/nvidia/.vscode-server/bin/660393deaaa6d1996740ff4880f1bad43768c814/out/vs/workbench/api/node/extensionHostProcess.js:76:15428)
	at p.w (/home/nvidia/.vscode-server/bin/660393deaaa6d1996740ff4880f1bad43768c814/out/vs/workbench/api/node/extensionHostProcess.js:60:1902)
	at p.fire (/home/nvidia/.vscode-server/bin/660393deaaa6d1996740ff4880f1bad43768c814/out/vs/workbench/api/node/extensionHostProcess.js:60:2119)
	at i.acceptChunk (/home/nvidia/.vscode-server/bin/660393deaaa6d1996740ff4880f1bad43768c814/out/vs/workbench/api/node/extensionHostProcess.js:76:11705)
	at i.value (/home/nvidia/.vscode-server/bin/660393deaaa6d1996740ff4880f1bad43768c814/out/vs/workbench/api/node/extensionHostProcess.js:76:10992)
	at p.w (/home/nvidia/.vscode-server/bin/660393deaaa6d1996740ff4880f1bad43768c814/out/vs/workbench/api/node/extensionHostProcess.js:60:1902)
	at p.fire (/home/nvidia/.vscode-server/bin/660393deaaa6d1996740ff4880f1bad43768c814/out/vs/workbench/api/node/extensionHostProcess.js:60:2119)
	at p.u (/home/nvidia/.vscode-server/bin/660393deaaa6d1996740ff4880f1bad43768c814/out/vs/workbench/api/node/extensionHostProcess.js:128:19065) setContext undefined
2023-07-28 11:09:19.928 [info] Extension host with pid 8797 exiting with code 0
