2023-07-28 10:30:18.124 [info] Log level: Info
2023-07-28 10:30:18.124 [info] Validating found git in: "git"
2023-07-28 10:30:18.124 [info] Using git "2.17.1" from "git"
2023-07-28 10:30:18.124 [info] > git rev-parse --show-toplevel [123ms]
2023-07-28 10:30:18.124 [info] > git rev-parse --git-dir --git-common-dir [26ms]
2023-07-28 10:30:18.124 [info] Open repository: /home/nvidia/jetson-inference
2023-07-28 10:30:18.124 [info] > git config --get commit.template [6ms]
2023-07-28 10:30:18.124 [info] > git rev-parse --show-toplevel [26ms]
2023-07-28 10:30:18.124 [info] > git rev-parse --show-toplevel [22ms]
2023-07-28 10:30:18.124 [info] > git rev-parse --show-toplevel [9ms]
2023-07-28 10:30:18.124 [info] > git for-each-ref --format=%(refname)%00%(upstream:short)%00%(objectname)%00%(upstream:track)%00%(upstream:remotename)%00%(upstream:remoteref) refs/heads/master refs/remotes/master [40ms]
2023-07-28 10:30:18.127 [info] > git rev-parse --show-toplevel [24ms]
2023-07-28 10:30:18.145 [info] > git rev-parse --show-toplevel [5ms]
2023-07-28 10:30:18.185 [info] > git rev-parse --show-toplevel [26ms]
2023-07-28 10:30:18.216 [info] > git rev-parse --show-toplevel [20ms]
2023-07-28 10:30:18.257 [info] > git rev-parse --show-toplevel [31ms]
2023-07-28 10:30:18.381 [info] > git rev-parse --git-dir --git-common-dir [113ms]
2023-07-28 10:30:18.395 [info] Open repository: /home/nvidia/jetson-inference/ros
2023-07-28 10:30:18.430 [info] > git rev-parse --show-toplevel [23ms]
2023-07-28 10:30:18.445 [info] > git config --get commit.template [24ms]
2023-07-28 10:30:18.459 [info] > git rev-parse --show-toplevel [18ms]
2023-07-28 10:30:18.475 [info] > git for-each-ref --format %(refname) %(objectname) %(*objectname) refs/tags [18ms]
2023-07-28 10:30:18.490 [info] > git rev-parse --git-dir --git-common-dir [21ms]
2023-07-28 10:30:18.505 [info] Open repository: /home/nvidia/jetson-inference/utils
2023-07-28 10:30:18.534 [info] > git status -z -uall [47ms]
2023-07-28 10:30:18.582 [info] > git config --get commit.template [50ms]
2023-07-28 10:30:18.596 [info] > git config --get commit.template [16ms]
2023-07-28 10:30:18.601 [info] > git for-each-ref --format %(refname) %(objectname) %(*objectname) refs/tags [7ms]
2023-07-28 10:30:18.636 [info] > git for-each-ref --format %(refname) %(objectname) %(*objectname) refs/tags [13ms]
2023-07-28 10:30:18.654 [info] > git status -z -uall [8ms]
2023-07-28 10:30:18.984 [info] > git status -z -uall [372ms]
2023-07-28 10:30:19.034 [info] > git config --get commit.template [19ms]
2023-07-28 10:30:19.040 [info] > git for-each-ref --format %(refname) %(objectname) %(*objectname) refs/tags [8ms]
2023-07-28 10:30:19.100 [info] > git status -z -uall [50ms]
2023-07-28 10:30:19.184 [info] > git check-ignore -v -z --stdin [39ms]
2023-07-28 10:30:19.188 [info] > git check-ignore -v -z --stdin [29ms]
2023-07-28 10:30:19.190 [info] > git check-ignore -v -z --stdin [11ms]
2023-07-28 10:30:20.511 [info] > git status -z -uall [2390ms]
2023-07-28 10:30:20.572 [info] > git config --get commit.template [3ms]
2023-07-28 10:30:20.640 [info] > git for-each-ref --format=%(refname)%00%(upstream:short)%00%(objectname)%00%(upstream:track)%00%(upstream:remotename)%00%(upstream:remoteref) refs/heads/master refs/remotes/master [57ms]
2023-07-28 10:30:21.034 [info] > git rev-parse --show-toplevel [3ms]
2023-07-28 10:30:21.047 [info] > git rev-parse --git-dir --git-common-dir [2ms]
2023-07-28 10:30:21.061 [info] Open repository: /home/nvidia/jetson-inference/tools/camera-capture
2023-07-28 10:30:21.087 [info] > git rev-parse --show-toplevel [15ms]
2023-07-28 10:30:21.104 [info] > git config --get commit.template [20ms]
2023-07-28 10:30:21.117 [info] > git rev-parse --git-dir --git-common-dir [18ms]
2023-07-28 10:30:21.130 [info] Open repository: /home/nvidia/jetson-inference/python/training/classification
2023-07-28 10:30:21.155 [info] > git for-each-ref --format %(refname) %(objectname) %(*objectname) refs/tags [41ms]
2023-07-28 10:30:21.174 [info] > git status -z -uall [8ms]
2023-07-28 10:30:21.174 [info] > git config --get commit.template [21ms]
2023-07-28 10:30:21.175 [info] > git rev-parse --show-toplevel [34ms]
2023-07-28 10:30:21.228 [info] > git rev-parse --git-dir --git-common-dir [42ms]
2023-07-28 10:30:21.239 [info] Open repository: /home/nvidia/jetson-inference/python/training/detection
2023-07-28 10:30:21.266 [info] > git config --get commit.template [40ms]
2023-07-28 10:30:21.267 [info] > git for-each-ref --format %(refname) %(objectname) %(*objectname) refs/tags [57ms]
2023-07-28 10:30:21.293 [info] > git status -z -uall [15ms]
2023-07-28 10:30:21.294 [info] > git config --get commit.template [29ms]
2023-07-28 10:30:21.294 [info] > git rev-parse --show-toplevel [43ms]
2023-07-28 10:30:21.367 [info] > git for-each-ref --format %(refname) %(objectname) %(*objectname) refs/tags [49ms]
2023-07-28 10:30:21.379 [info] > git rev-parse --git-dir --git-common-dir [74ms]
2023-07-28 10:30:21.392 [info] Open repository: /home/nvidia/jetson-inference/python/training/segmentation
2023-07-28 10:30:21.418 [info] > git status -z -uall [40ms]
2023-07-28 10:30:21.423 [info] > git config --get commit.template [67ms]
2023-07-28 10:30:21.424 [info] > git for-each-ref --format %(refname) %(objectname) %(*objectname) refs/tags [80ms]
2023-07-28 10:30:21.439 [info] > git config --get commit.template [22ms]
2023-07-28 10:30:21.439 [info] > git rev-parse --show-toplevel [35ms]
2023-07-28 10:30:21.462 [info] > git status -z -uall [27ms]
2023-07-28 10:30:21.501 [info] > git status -z -uall [851ms]
2023-07-28 10:30:21.502 [info] > git for-each-ref --format %(refname) %(objectname) %(*objectname) refs/tags [41ms]
2023-07-28 10:30:21.514 [info] > git rev-parse --git-dir --git-common-dir [63ms]
2023-07-28 10:30:21.525 [info] Open repository: /home/nvidia/jetson-inference/c/plugins/pose
2023-07-28 10:30:21.553 [info] > git status -z -uall [39ms]
2023-07-28 10:30:21.553 [info] > git rev-parse --show-toplevel [16ms]
2023-07-28 10:30:21.569 [info] > git config --get commit.template [70ms]
2023-07-28 10:30:21.569 [info] > git for-each-ref --format %(refname) %(objectname) %(*objectname) refs/tags [81ms]
2023-07-28 10:30:21.591 [info] > git status -z -uall [10ms]
2023-07-28 10:30:21.602 [info] > git rev-parse --git-dir --git-common-dir [38ms]
2023-07-28 10:30:21.618 [info] Open repository: /home/nvidia/jetson-inference/docker/containers
2023-07-28 10:30:21.619 [info] > git config --get commit.template [69ms]
2023-07-28 10:30:21.668 [info] > git config --get commit.template [24ms]
2023-07-28 10:30:21.668 [info] > git for-each-ref --format %(refname) %(objectname) %(*objectname) refs/tags [37ms]
2023-07-28 10:30:21.681 [info] > git for-each-ref --format %(refname) %(objectname) %(*objectname) refs/tags [16ms]
2023-07-28 10:30:21.693 [info] > git config --get commit.template [39ms]
2023-07-28 10:30:21.717 [info] > git status -z -uall [38ms]
2023-07-28 10:30:21.718 [info] > git status -z -uall [25ms]
2023-07-28 10:30:21.729 [info] > git for-each-ref --format %(refname) %(objectname) %(*objectname) refs/tags [12ms]
2023-07-28 10:30:21.740 [info] > git for-each-ref --format %(refname) %(objectname) %(*objectname) refs/tags [35ms]
2023-07-28 10:30:21.776 [info] > git status -z -uall [37ms]
2023-07-28 10:30:21.776 [info] > git status -z -uall [25ms]
2023-07-28 10:30:21.839 [info] > git check-ignore -v -z --stdin [37ms]
2023-07-28 10:30:21.841 [info] > git check-ignore -v -z --stdin [28ms]
2023-07-28 10:30:21.842 [info] > git config --get commit.template [68ms]
2023-07-28 10:30:21.845 [info] > git check-ignore -v -z --stdin [20ms]
2023-07-28 10:30:21.846 [info] > git config --get commit.template [10ms]
2023-07-28 10:30:21.872 [info] > git for-each-ref --format %(refname) %(objectname) %(*objectname) refs/tags [15ms]
2023-07-28 10:30:21.885 [info] > git for-each-ref --format %(refname) %(objectname) %(*objectname) refs/tags [16ms]
2023-07-28 10:30:21.898 [info] > git status -z -uall [14ms]
2023-07-28 10:30:21.907 [info] > git status -z -uall [11ms]
2023-07-28 10:30:22.235 [info] > git rev-parse --show-toplevel [3ms]
2023-07-28 10:30:22.249 [info] > git rev-parse --git-dir --git-common-dir [2ms]
2023-07-28 10:30:22.261 [info] Open repository: /home/nvidia/jetson-inference/python/training/detection/ssd
2023-07-28 10:30:22.288 [info] > git config --get commit.template [13ms]
2023-07-28 10:30:22.289 [info] > git for-each-ref --format %(refname) %(objectname) %(*objectname) refs/tags [3ms]
2023-07-28 10:30:22.311 [info] > git status -z -uall [10ms]
2023-07-28 10:30:22.350 [info] > git config --get commit.template [15ms]
2023-07-28 10:30:22.351 [info] > git for-each-ref --format %(refname) %(objectname) %(*objectname) refs/tags [3ms]
2023-07-28 10:30:22.372 [info] > git status -z -uall [9ms]
2023-07-28 10:30:22.457 [info] > git check-ignore -v -z --stdin [30ms]
2023-07-28 10:30:22.460 [info] > git check-ignore -v -z --stdin [20ms]
2023-07-28 10:30:22.461 [info] > git check-ignore -v -z --stdin [8ms]
2023-07-28 11:07:49.252 [info] > git config --get commit.template [14ms]
2023-07-28 11:07:49.254 [info] > git config --get commit.template [3ms]
2023-07-28 11:07:49.280 [info] > git for-each-ref --format=%(refname)%00%(upstream:short)%00%(objectname)%00%(upstream:track)%00%(upstream:remotename)%00%(upstream:remoteref) refs/heads/master refs/remotes/master [14ms]
2023-07-28 11:07:49.295 [info] > git for-each-ref --format %(refname) %(objectname) %(*objectname) refs/tags [15ms]
2023-07-28 11:07:49.311 [info] > git status -z -uall [4ms]
2023-07-28 11:07:50.110 [info] > git status -z -uall [818ms]
2023-07-28 11:08:19.643 [info] > git config --get commit.template [13ms]
2023-07-28 11:08:19.645 [info] > git config --get commit.template [2ms]
2023-07-28 11:08:19.670 [info] > git for-each-ref --format %(refname) %(objectname) %(*objectname) refs/tags [14ms]
2023-07-28 11:08:19.683 [info] > git for-each-ref --format=%(refname)%00%(upstream:short)%00%(objectname)%00%(upstream:track)%00%(upstream:remotename)%00%(upstream:remoteref) refs/heads/master refs/remotes/master [15ms]
2023-07-28 11:08:19.696 [info] > git status -z -uall [15ms]
2023-07-28 11:08:20.510 [info] > git status -z -uall [815ms]
2023-07-28 11:08:59.502 [info] > git check-ignore -v -z --stdin [4ms]
2023-07-28 11:09:01.901 [info] > git check-ignore -v -z --stdin [3ms]
2023-07-28 11:09:03.279 [info] > git check-ignore -v -z --stdin [16ms]
2023-07-28 11:09:03.281 [info] > git check-ignore -v -z --stdin [4ms]
