2023-08-01 15:53:37.353 [info] Log level: Info
2023-08-01 15:53:37.353 [info] Validating found git in: "git"
2023-08-01 15:53:37.353 [info] Using git "2.17.1" from "git"
2023-08-01 15:53:37.353 [info] > git rev-parse --show-toplevel [110ms]
2023-08-01 15:53:37.353 [info] fatal: not a git repository (or any of the parent directories): .git
2023-08-01 15:53:37.353 [info] > git rev-parse --show-toplevel [5ms]
2023-08-01 15:53:37.353 [info] fatal: not a git repository (or any of the parent directories): .git
2023-08-01 15:53:37.353 [info] > git rev-parse --show-toplevel [3ms]
2023-08-01 15:53:37.353 [info] fatal: not a git repository (or any of the parent directories): .git
2023-08-01 15:53:37.353 [info] > git rev-parse --show-toplevel [3ms]
2023-08-01 15:53:37.353 [info] fatal: not a git repository (or any of the parent directories): .git
2023-08-01 15:53:37.353 [info] > git rev-parse --show-toplevel [31ms]
2023-08-01 15:53:37.353 [info] fatal: not a git repository (or any of the parent directories): .git
2023-08-01 15:53:37.353 [info] > git rev-parse --show-toplevel [2ms]
2023-08-01 15:53:37.353 [info] fatal: not a git repository (or any of the parent directories): .git
2023-08-01 15:53:37.353 [info] > git rev-parse --show-toplevel [16ms]
2023-08-01 15:53:37.353 [info] > git rev-parse --git-dir --git-common-dir [4ms]
2023-08-01 15:53:37.353 [info] Open repository: /home/nvidia/jetson-inference
2023-08-01 15:53:37.353 [info] > git rev-parse --show-toplevel [42ms]
2023-08-01 15:53:37.353 [info] fatal: not a git repository (or any of the parent directories): .git
2023-08-01 15:53:37.353 [info] > git rev-parse --show-toplevel [20ms]
2023-08-01 15:53:37.353 [info] fatal: not a git repository (or any of the parent directories): .git
2023-08-01 15:53:37.353 [info] > git config --get commit.template [57ms]
2023-08-01 15:53:37.353 [info] > git rev-parse --show-toplevel [28ms]
2023-08-01 15:53:37.353 [info] fatal: not a git repository (or any of the parent directories): .git
2023-08-01 15:53:37.356 [info] > git for-each-ref --format=%(refname)%00%(upstream:short)%00%(objectname)%00%(upstream:track)%00%(upstream:remotename)%00%(upstream:remoteref) refs/heads/master refs/remotes/master [46ms]
2023-08-01 15:53:38.005 [info] > git check-ignore -v -z --stdin [5ms]
2023-08-01 15:53:40.237 [info] > git status -z -uall [2866ms]
2023-08-01 15:53:40.287 [info] > git config --get commit.template [14ms]
2023-08-01 15:53:40.289 [info] > git for-each-ref --format=%(refname)%00%(upstream:short)%00%(objectname)%00%(upstream:track)%00%(upstream:remotename)%00%(upstream:remoteref) refs/heads/master refs/remotes/master [4ms]
2023-08-01 15:53:40.765 [info] > git rev-parse --show-toplevel [3ms]
2023-08-01 15:53:40.779 [info] > git rev-parse --git-dir --git-common-dir [3ms]
2023-08-01 15:53:40.791 [info] Open repository: /home/nvidia/jetson-inference/utils
2023-08-01 15:53:40.819 [info] > git rev-parse --show-toplevel [15ms]
2023-08-01 15:53:40.836 [info] > git config --get commit.template [19ms]
2023-08-01 15:53:40.849 [info] > git rev-parse --git-dir --git-common-dir [16ms]
2023-08-01 15:53:40.863 [info] Open repository: /home/nvidia/jetson-inference/tools/camera-capture
2023-08-01 15:53:40.891 [info] > git for-each-ref --format %(refname) %(objectname) %(*objectname) refs/tags [43ms]
2023-08-01 15:53:40.906 [info] > git config --get commit.template [17ms]
2023-08-01 15:53:40.906 [info] > git rev-parse --show-toplevel [31ms]
2023-08-01 15:53:40.934 [info] > git for-each-ref --format %(refname) %(objectname) %(*objectname) refs/tags [5ms]
2023-08-01 15:53:40.951 [info] > git rev-parse --git-dir --git-common-dir [34ms]
2023-08-01 15:53:40.965 [info] Open repository: /home/nvidia/jetson-inference/python/training/classification
2023-08-01 15:53:40.991 [info] > git status -z -uall [89ms]
2023-08-01 15:53:40.992 [info] > git status -z -uall [41ms]
2023-08-01 15:53:40.992 [info] > git rev-parse --show-toplevel [16ms]
2023-08-01 15:53:41.062 [info] > git rev-parse --git-dir --git-common-dir [59ms]
2023-08-01 15:53:41.075 [info] Open repository: /home/nvidia/jetson-inference/python/training/detection
2023-08-01 15:53:41.088 [info] > git config --get commit.template [99ms]
2023-08-01 15:53:41.105 [info] > git rev-parse --show-toplevel [17ms]
2023-08-01 15:53:41.116 [info] > git config --get commit.template [56ms]
2023-08-01 15:53:41.117 [info] > git config --get commit.template [67ms]
2023-08-01 15:53:41.133 [info] > git rev-parse --git-dir --git-common-dir [17ms]
2023-08-01 15:53:41.145 [info] Open repository: /home/nvidia/jetson-inference/python/training/segmentation
2023-08-01 15:53:41.159 [info] > git config --get commit.template [56ms]
2023-08-01 15:53:41.196 [info] > git status -z -uall [896ms]
2023-08-01 15:53:41.197 [info] > git rev-parse --show-toplevel [38ms]
2023-08-01 15:53:41.208 [info] > git for-each-ref --format %(refname) %(objectname) %(*objectname) refs/tags [79ms]
2023-08-01 15:53:41.242 [info] > git status -z -uall [23ms]
2023-08-01 15:53:41.255 [info] > git rev-parse --git-dir --git-common-dir [48ms]
2023-08-01 15:53:41.266 [info] Open repository: /home/nvidia/jetson-inference/c/plugins/pose
2023-08-01 15:53:41.279 [info] > git config --get commit.template [85ms]
2023-08-01 15:53:41.280 [info] > git for-each-ref --format %(refname) %(objectname) %(*objectname) refs/tags [97ms]
2023-08-01 15:53:41.291 [info] > git for-each-ref --format %(refname) %(objectname) %(*objectname) refs/tags [120ms]
2023-08-01 15:53:41.328 [info] > git status -z -uall [26ms]
2023-08-01 15:53:41.329 [info] > git rev-parse --show-toplevel [51ms]
2023-08-01 15:53:41.341 [info] > git for-each-ref --format %(refname) %(objectname) %(*objectname) refs/tags [102ms]
2023-08-01 15:53:41.369 [info] > git status -z -uall [79ms]
2023-08-01 15:53:41.370 [info] > git status -z -uall [17ms]
2023-08-01 15:53:41.370 [info] > git rev-parse --git-dir --git-common-dir [30ms]
2023-08-01 15:53:41.385 [info] Open repository: /home/nvidia/jetson-inference/docker/containers
2023-08-01 15:53:41.399 [info] > git config --get commit.template [72ms]
2023-08-01 15:53:41.400 [info] > git config --get commit.template [84ms]
2023-08-01 15:53:41.422 [info] > git rev-parse --show-toplevel [24ms]
2023-08-01 15:53:41.433 [info] > git for-each-ref --format %(refname) %(objectname) %(*objectname) refs/tags [68ms]
2023-08-01 15:53:41.495 [info] > git status -z -uall [49ms]
2023-08-01 15:53:41.510 [info] > git rev-parse --git-dir --git-common-dir [77ms]
2023-08-01 15:53:41.528 [info] Open repository: /home/nvidia/jetson-inference/ros
2023-08-01 15:53:41.529 [info] > git config --get commit.template [110ms]
2023-08-01 15:53:41.558 [info] > git config --get commit.template [65ms]
2023-08-01 15:53:41.558 [info] > git for-each-ref --format %(refname) %(objectname) %(*objectname) refs/tags [77ms]
2023-08-01 15:53:41.571 [info] > git for-each-ref --format %(refname) %(objectname) %(*objectname) refs/tags [101ms]
2023-08-01 15:53:41.610 [info] > git status -z -uall [39ms]
2023-08-01 15:53:41.610 [info] > git status -z -uall [28ms]
2023-08-01 15:53:41.610 [info] > git check-ignore -v -z --stdin [16ms]
2023-08-01 15:53:41.627 [info] > git config --get commit.template [71ms]
2023-08-01 15:53:41.628 [info] > git config --get commit.template [83ms]
2023-08-01 15:53:41.654 [info] > git for-each-ref --format %(refname) %(objectname) %(*objectname) refs/tags [47ms]
2023-08-01 15:53:41.692 [info] > git status -z -uall [26ms]
2023-08-01 15:53:41.692 [info] > git config --get commit.template [40ms]
2023-08-01 15:53:41.693 [info] > git for-each-ref --format %(refname) %(objectname) %(*objectname) refs/tags [53ms]
2023-08-01 15:53:41.711 [info] > git for-each-ref --format %(refname) %(objectname) %(*objectname) refs/tags [20ms]
2023-08-01 15:53:41.723 [info] > git for-each-ref --format %(refname) %(objectname) %(*objectname) refs/tags [44ms]
2023-08-01 15:53:41.780 [info] > git status -z -uall [76ms]
2023-08-01 15:53:41.780 [info] > git status -z -uall [58ms]
2023-08-01 15:53:41.780 [info] > git status -z -uall [46ms]
2023-08-01 15:53:41.811 [info] > git config --get commit.template [41ms]
2023-08-01 15:53:41.812 [info] > git for-each-ref --format %(refname) %(objectname) %(*objectname) refs/tags [54ms]
2023-08-01 15:53:41.826 [info] > git config --get commit.template [17ms]
2023-08-01 15:53:41.851 [info] > git status -z -uall [28ms]
2023-08-01 15:53:41.857 [info] > git for-each-ref --format %(refname) %(objectname) %(*objectname) refs/tags [6ms]
2023-08-01 15:53:41.869 [info] > git for-each-ref --format %(refname) %(objectname) %(*objectname) refs/tags [32ms]
2023-08-01 15:53:41.883 [info] > git status -z -uall [14ms]
2023-08-01 15:53:41.892 [info] > git status -z -uall [11ms]
2023-08-01 15:53:42.223 [info] > git check-ignore -v -z --stdin [3ms]
2023-08-01 15:53:42.311 [info] > git rev-parse --show-toplevel [2ms]
2023-08-01 15:53:42.325 [info] > git rev-parse --git-dir --git-common-dir [3ms]
2023-08-01 15:53:42.337 [info] Open repository: /home/nvidia/jetson-inference/python/training/detection/ssd
2023-08-01 15:53:42.366 [info] > git config --get commit.template [15ms]
2023-08-01 15:53:42.367 [info] > git for-each-ref --format %(refname) %(objectname) %(*objectname) refs/tags [3ms]
2023-08-01 15:53:42.388 [info] > git status -z -uall [10ms]
2023-08-01 15:53:42.426 [info] > git config --get commit.template [14ms]
2023-08-01 15:53:42.427 [info] > git for-each-ref --format %(refname) %(objectname) %(*objectname) refs/tags [3ms]
2023-08-01 15:53:42.448 [info] > git status -z -uall [9ms]
2023-08-01 15:53:42.900 [info] > git check-ignore -v -z --stdin [3ms]
2023-08-01 15:55:22.323 [info] > git check-ignore -v -z --stdin [25ms]
2023-08-01 15:55:22.327 [info] > git check-ignore -v -z --stdin [18ms]
2023-08-01 15:55:22.328 [info] > git check-ignore -v -z --stdin [9ms]
2023-08-01 15:57:48.524 [info] > git check-ignore -v -z --stdin [4ms]
2023-08-01 15:57:50.500 [info] > git check-ignore -v -z --stdin [24ms]
2023-08-01 15:57:50.501 [info] > git check-ignore -v -z --stdin [14ms]
2023-08-01 15:57:50.502 [info] > git check-ignore -v -z --stdin [5ms]
2023-08-01 15:57:52.490 [info] > git check-ignore -v -z --stdin [24ms]
2023-08-01 15:57:52.492 [info] > git check-ignore -v -z --stdin [15ms]
2023-08-01 15:57:52.492 [info] > git check-ignore -v -z --stdin [4ms]
2023-08-01 15:57:55.439 [info] > git show --textconv :train.py [13ms]
2023-08-01 15:57:55.442 [info] > git ls-files --stage -- /home/nvidia/jetson-inference/python/training/classification/train.py [4ms]
2023-08-01 15:57:55.456 [info] > git cat-file -s d9f81a57b9f6e3eb67ecd4a3f4298a0163766774 [3ms]
2023-08-01 15:58:51.030 [info] > git check-ignore -v -z --stdin [2ms]
2023-08-01 16:07:04.739 [info] > git check-ignore -v -z --stdin [3ms]
2023-08-01 16:07:10.075 [info] > git config --get commit.template [16ms]
2023-08-01 16:07:10.077 [info] > git for-each-ref --format=%(refname)%00%(upstream:short)%00%(objectname)%00%(upstream:track)%00%(upstream:remotename)%00%(upstream:remoteref) refs/heads/master refs/remotes/master [3ms]
2023-08-01 16:07:10.135 [info] > git config --get commit.template [15ms]
2023-08-01 16:07:10.137 [info] > git for-each-ref --format %(refname) %(objectname) %(*objectname) refs/tags [2ms]
2023-08-01 16:07:10.395 [info] > git status -z -uall [247ms]
2023-08-01 16:07:11.086 [info] > git status -z -uall [996ms]
2023-08-01 16:07:12.133 [info] > git check-ignore -v -z --stdin [2ms]
2023-08-01 16:07:12.708 [info] > git check-ignore -v -z --stdin [3ms]
2023-08-01 16:07:14.252 [info] > git check-ignore -v -z --stdin [3ms]
2023-08-01 16:07:15.832 [info] > git check-ignore -v -z --stdin [53ms]
2023-08-01 16:07:17.036 [info] > git check-ignore -v -z --stdin [2ms]
2023-08-01 16:07:17.344 [info] > git config --get commit.template [16ms]
2023-08-01 16:07:17.345 [info] > git for-each-ref --format=%(refname)%00%(upstream:short)%00%(objectname)%00%(upstream:track)%00%(upstream:remotename)%00%(upstream:remoteref) refs/heads/master refs/remotes/master [3ms]
2023-08-01 16:07:17.401 [info] > git config --get commit.template [14ms]
2023-08-01 16:07:17.402 [info] > git for-each-ref --format %(refname) %(objectname) %(*objectname) refs/tags [3ms]
2023-08-01 16:07:17.419 [info] > git status -z -uall [5ms]
2023-08-01 16:07:18.192 [info] > git status -z -uall [823ms]
2023-08-01 16:08:07.811 [info] > git for-each-ref --format=%(refname)%00%(upstream:short)%00%(objectname)%00%(upstream:track)%00%(upstream:remotename)%00%(upstream:remoteref) refs/heads/master refs/remotes/master [18ms]
2023-08-01 16:08:07.812 [info] > git config --get commit.template [34ms]
2023-08-01 16:08:07.826 [info] > git config --get commit.template [18ms]
2023-08-01 16:08:07.845 [info] > git for-each-ref --format %(refname) %(objectname) %(*objectname) refs/tags [4ms]
2023-08-01 16:08:07.864 [info] > git status -z -uall [5ms]
2023-08-01 16:08:08.663 [info] > git status -z -uall [839ms]
2023-08-01 16:08:53.640 [info] > git config --get commit.template [20ms]
2023-08-01 16:08:53.643 [info] > git for-each-ref --format=%(refname)%00%(upstream:short)%00%(objectname)%00%(upstream:track)%00%(upstream:remotename)%00%(upstream:remoteref) refs/heads/master refs/remotes/master [6ms]
2023-08-01 16:08:54.498 [info] > git status -z -uall [841ms]
2023-08-01 16:08:56.457 [info] > git config --get commit.template [17ms]
2023-08-01 16:08:56.459 [info] > git for-each-ref --format %(refname) %(objectname) %(*objectname) refs/tags [3ms]
2023-08-01 16:08:56.479 [info] > git status -z -uall [6ms]
2023-08-01 16:08:59.535 [info] > git config --get commit.template [16ms]
2023-08-01 16:08:59.537 [info] > git for-each-ref --format=%(refname)%00%(upstream:short)%00%(objectname)%00%(upstream:track)%00%(upstream:remotename)%00%(upstream:remoteref) refs/heads/master refs/remotes/master [4ms]
2023-08-01 16:09:00.376 [info] > git status -z -uall [825ms]
2023-08-01 16:09:04.714 [info] > git config --get commit.template [16ms]
2023-08-01 16:09:04.716 [info] > git for-each-ref --format %(refname) %(objectname) %(*objectname) refs/tags [4ms]
2023-08-01 16:09:04.741 [info] > git status -z -uall [5ms]
2023-08-01 16:09:05.416 [info] > git config --get commit.template [17ms]
2023-08-01 16:09:05.418 [info] > git for-each-ref --format=%(refname)%00%(upstream:short)%00%(objectname)%00%(upstream:track)%00%(upstream:remotename)%00%(upstream:remoteref) refs/heads/master refs/remotes/master [4ms]
2023-08-01 16:09:06.264 [info] > git status -z -uall [832ms]
2023-08-01 16:09:33.341 [info] > git config --get commit.template [18ms]
2023-08-01 16:09:33.357 [info] > git config --get commit.template [17ms]
2023-08-01 16:09:33.372 [info] > git for-each-ref --format=%(refname)%00%(upstream:short)%00%(objectname)%00%(upstream:track)%00%(upstream:remotename)%00%(upstream:remoteref) refs/heads/master refs/remotes/master [16ms]
2023-08-01 16:09:33.387 [info] > git for-each-ref --format %(refname) %(objectname) %(*objectname) refs/tags [17ms]
2023-08-01 16:09:33.406 [info] > git status -z -uall [5ms]
2023-08-01 16:09:34.223 [info] > git status -z -uall [837ms]
2023-08-01 16:13:21.180 [info] > git check-ignore -v -z --stdin [3ms]
2023-08-01 16:16:26.861 [info] > git check-ignore -v -z --stdin [2ms]
2023-08-01 16:17:00.024 [info] > git check-ignore -v -z --stdin [2ms]
2023-08-01 16:17:04.776 [info] > git check-ignore -v -z --stdin [3ms]
2023-08-01 16:17:12.251 [info] > git check-ignore -v -z --stdin [2ms]
2023-08-01 16:19:08.128 [info] > git check-ignore -v -z --stdin [2ms]
2023-08-01 16:19:08.650 [info] > git config --get commit.template [16ms]
2023-08-01 16:19:08.680 [info] > git config --get commit.template [32ms]
2023-08-01 16:19:08.681 [info] > git for-each-ref --format=%(refname)%00%(upstream:short)%00%(objectname)%00%(upstream:track)%00%(upstream:remotename)%00%(upstream:remoteref) refs/heads/master refs/remotes/master [17ms]
2023-08-01 16:19:08.696 [info] > git for-each-ref --format %(refname) %(objectname) %(*objectname) refs/tags [17ms]
2023-08-01 16:19:08.715 [info] > git status -z -uall [5ms]
2023-08-01 16:19:09.519 [info] > git status -z -uall [824ms]
2023-08-01 16:19:18.572 [info] > git check-ignore -v -z --stdin [2ms]
2023-08-01 16:19:19.092 [info] > git config --get commit.template [16ms]
2023-08-01 16:19:19.094 [info] > git config --get commit.template [3ms]
2023-08-01 16:19:19.124 [info] > git for-each-ref --format=%(refname)%00%(upstream:short)%00%(objectname)%00%(upstream:track)%00%(upstream:remotename)%00%(upstream:remoteref) refs/heads/master refs/remotes/master [16ms]
2023-08-01 16:19:19.139 [info] > git for-each-ref --format %(refname) %(objectname) %(*objectname) refs/tags [17ms]
2023-08-01 16:19:19.159 [info] > git status -z -uall [4ms]
2023-08-01 16:19:19.958 [info] > git status -z -uall [820ms]
2023-08-01 16:21:39.877 [info] > git config --get commit.template [18ms]
2023-08-01 16:21:39.909 [info] > git config --get commit.template [35ms]
2023-08-01 16:21:39.911 [info] > git for-each-ref --format=%(refname)%00%(upstream:short)%00%(objectname)%00%(upstream:track)%00%(upstream:remotename)%00%(upstream:remoteref) refs/heads/master refs/remotes/master [18ms]
2023-08-01 16:21:39.928 [info] > git for-each-ref --format %(refname) %(objectname) %(*objectname) refs/tags [20ms]
2023-08-01 16:21:39.948 [info] > git status -z -uall [4ms]
2023-08-01 16:21:40.512 [info] > git check-ignore -v -z --stdin [3ms]
2023-08-01 16:21:40.753 [info] > git status -z -uall [826ms]
2023-08-01 16:21:55.419 [info] > git check-ignore -v -z --stdin [3ms]
2023-08-01 16:21:55.725 [info] > git config --get commit.template [16ms]
2023-08-01 16:21:55.726 [info] > git config --get commit.template [2ms]
2023-08-01 16:21:55.756 [info] > git for-each-ref --format=%(refname)%00%(upstream:short)%00%(objectname)%00%(upstream:track)%00%(upstream:remotename)%00%(upstream:remoteref) refs/heads/master refs/remotes/master [16ms]
2023-08-01 16:21:55.772 [info] > git for-each-ref --format %(refname) %(objectname) %(*objectname) refs/tags [17ms]
2023-08-01 16:21:55.791 [info] > git status -z -uall [5ms]
2023-08-01 16:21:56.590 [info] > git status -z -uall [819ms]
