*
* Visual Studio Code Server
*
* By using the software, you agree to
* the Visual Studio Code Server License Terms (https://aka.ms/vscode-server-license) and
* the Microsoft Privacy Statement (https://privacy.microsoft.com/en-US/privacystatement).
*
Server bound to 127.0.0.1:46093 (IPv4)
Extension host agent listening on 46093

[19:35:51] 




[19:35:51] Extension host agent started.
[19:35:51] [127.0.0.1][efd6f1f7][ManagementConnection] New connection established.
[19:35:51] [127.0.0.1][3449dc25][ExtensionHostConnection] New connection established.
[19:35:51] [127.0.0.1][3449dc25][ExtensionHostConnection] <7421> Launched Extension Host Process.
[IPC Library: Pty Host]  WARN Shell integration cannot be enabled for executable "/bin/sh" and args [
  '-c',
  'wget --version > /dev/null\n' +
    'if [ $? -eq 0 ]\n' +
    'then\n' +
    "\twget --connect-timeout=7 --tries=1 --dns-timeout=7 -q --header='Metadata:true' -O - http://169.254.169.254/metadata/instance?api-version=2019-03-11\n" +
    'else\n' +
    '\tcurl --version > /dev/null\n' +
    '\tif [ $? -eq 0 ]\n' +
    '\tthen\n' +
    "\t\tcurl --connect-timeout 7 -s --header='Metadata:true' http://169.254.169.254/metadata/instance?api-version=2019-03-11\n" +
    '\tfi\n' +
    'fi\n' +
    'exit 0'
]
[IPC Library: Pty Host]  WARN Shell integration cannot be enabled for executable "/bin/sh" and args [
  '-c',
  'wget --version > /dev/null\n' +
    'if [ $? -eq 0 ]\n' +
    'then\n' +
    '\twget --connect-timeout=7 --tries=1 --dns-timeout=7 -q  -O - http://169.254.169.254/latest/meta-data/instance-id\n' +
    'else\n' +
    '\tcurl --version > /dev/null\n' +
    '\tif [ $? -eq 0 ]\n' +
    '\tthen\n' +
    '\t\tcurl --connect-timeout 7 -s  http://169.254.169.254/latest/meta-data/instance-id\n' +
    '\tfi\n' +
    'fi\n' +
    'exit 0'
]
[IPC Library: Pty Host]  WARN Shell integration cannot be enabled for executable "/bin/sh" and args [
  '-c',
  'wget --version > /dev/null\n' +
    'if [ $? -eq 0 ]\n' +
    'then\n' +
    '\twget --connect-timeout=7 --tries=1 --dns-timeout=7 -q  -O - http://169.254.169.254/metadata/v1/id\n' +
    'else\n' +
    '\tcurl --version > /dev/null\n' +
    '\tif [ $? -eq 0 ]\n' +
    '\tthen\n' +
    '\t\tcurl --connect-timeout 7 -s  http://169.254.169.254/metadata/v1/id\n' +
    '\tfi\n' +
    'fi\n' +
    'exit 0'
]
[IPC Library: Pty Host]  WARN Shell integration cannot be enabled for executable "/bin/sh" and args [
  '-c',
  'wget --version > /dev/null\n' +
    'if [ $? -eq 0 ]\n' +
    'then\n' +
    "\twget --connect-timeout=7 --tries=1 --dns-timeout=7 -q --header='Metadata-Flavor:Google' -O - http://metadata.google.internal/computeMetadata/v1/instance/id\n" +
    'else\n' +
    '\tcurl --version > /dev/null\n' +
    '\tif [ $? -eq 0 ]\n' +
    '\tthen\n' +
    "\t\tcurl --connect-timeout 7 -s --header='Metadata-Flavor:Google' http://metadata.google.internal/computeMetadata/v1/instance/id\n" +
    '\tfi\n' +
    'fi\n' +
    'exit 0'
]
New EH opened, aborting shutdown
[19:40:56] New EH opened, aborting shutdown
[19:41:05] No ptyHost heartbeat after 6 seconds
[11:42:36] Getting Manifest... ms-python.python
[11:42:37] Installing extension: ms-python.python
[11:42:37] Getting Manifest... ms-python.vscode-pylance
[11:42:38] Installing extension: ms-python.vscode-pylance ms-python.python
[11:42:47] Extension signature is verified: ms-python.python
[11:42:54] Extracted extension to /home/nvidia/.vscode-server/extensions/.f0283d91-19c1-4230-8cff-291f99c2c974: ms-python.python
[11:42:54] Renamed to /home/nvidia/.vscode-server/extensions/ms-python.python-2023.12.0
[11:42:54] Extracting extension completed. ms-python.python
[11:43:03] Extension signature is verified: ms-python.vscode-pylance
[11:43:13] Extracted extension to /home/nvidia/.vscode-server/extensions/.35f2bf77-210f-4448-84bd-59450623d43a: ms-python.vscode-pylance
[11:43:13] Renamed to /home/nvidia/.vscode-server/extensions/ms-python.vscode-pylance-2023.8.10
[11:43:13] Extracting extension completed. ms-python.vscode-pylance
[11:43:13] Extension installed successfully: ms-python.python
[11:43:13] Extension installed successfully: ms-python.vscode-pylance
